TN:
SF:src/app/app.component.ts
FN:19,(anonymous_0)
FNF:1
FNH:1
FNDA:2,(anonymous_0)
DA:15,1
DA:16,2
DA:17,2
DA:20,2
LF:4
LH:4
BRF:0
BRH:0
end_of_record
TN:
SF:src/app/transloco-loader.ts
FN:9,(anonymous_0)
FNF:1
FNH:1
FNDA:65,(anonymous_0)
DA:6,1
DA:7,97
DA:10,65
LF:3
LH:3
BRF:0
BRH:0
end_of_record
TN:
SF:src/app/transloco-testing.module.ts
FN:8,getTranslocoModule
FNF:1
FNH:1
FNDA:12,getTranslocoModule
DA:9,12
LF:1
LH:1
BRDA:8,0,0,12
BRF:1
BRH:1
end_of_record
TN:
SF:src/app/core/api/servicios-mindsoftdev/ai.service.ts
FN:20,(anonymous_0)
FN:29,(anonymous_1)
FNF:2
FNH:2
FNDA:2,(anonymous_0)
FNDA:1,(anonymous_1)
DA:11,1
DA:13,6
DA:16,6
DA:17,6
DA:21,2
DA:23,2
DA:30,1
DA:32,1
LF:8
LH:8
BRF:0
BRH:0
end_of_record
TN:
SF:src/app/core/api/servicios-mindsoftdev/auth.service.ts
FN:23,(anonymous_0)
FN:32,(anonymous_1)
FN:41,(anonymous_2)
FN:51,(anonymous_3)
FN:60,(anonymous_4)
FN:69,(anonymous_5)
FN:78,(anonymous_6)
FN:88,(anonymous_7)
FN:97,(anonymous_8)
FN:105,(anonymous_9)
FN:113,(anonymous_10)
FN:121,(anonymous_11)
FNF:12
FNH:11
FNDA:1,(anonymous_0)
FNDA:1,(anonymous_1)
FNDA:1,(anonymous_2)
FNDA:1,(anonymous_3)
FNDA:1,(anonymous_4)
FNDA:1,(anonymous_5)
FNDA:0,(anonymous_6)
FNDA:1,(anonymous_7)
FNDA:1,(anonymous_8)
FNDA:1,(anonymous_9)
FNDA:1,(anonymous_10)
FNDA:1,(anonymous_11)
DA:13,1
DA:15,19
DA:16,19
DA:19,19
DA:20,19
DA:24,1
DA:26,1
DA:33,1
DA:34,1
DA:42,1
DA:44,1
DA:52,1
DA:53,1
DA:61,1
DA:62,1
DA:70,1
DA:71,1
DA:79,0
DA:80,0
DA:81,0
DA:89,1
DA:90,1
DA:98,1
DA:99,1
DA:106,1
DA:107,1
DA:114,1
DA:115,1
DA:122,1
DA:123,1
LF:30
LH:27
BRDA:79,0,0,0
BRDA:79,0,1,0
BRF:2
BRH:0
end_of_record
TN:
SF:src/app/core/api/servicios-mindsoftdev/company.service.ts
FN:22,(anonymous_0)
FN:30,(anonymous_1)
FN:38,(anonymous_2)
FN:46,(anonymous_3)
FN:54,(anonymous_4)
FN:63,(anonymous_5)
FN:72,(anonymous_6)
FN:81,(anonymous_7)
FNF:8
FNH:5
FNDA:6,(anonymous_0)
FNDA:0,(anonymous_1)
FNDA:1,(anonymous_2)
FNDA:0,(anonymous_3)
FNDA:1,(anonymous_4)
FNDA:1,(anonymous_5)
FNDA:1,(anonymous_6)
FNDA:0,(anonymous_7)
DA:12,1
DA:14,13
DA:15,13
DA:18,13
DA:19,13
DA:23,6
DA:24,6
DA:31,0
DA:32,0
DA:39,1
DA:40,1
DA:47,0
DA:48,0
DA:55,1
DA:56,1
DA:64,1
DA:65,1
DA:73,1
DA:74,1
DA:82,0
DA:83,0
LF:21
LH:15
BRF:0
BRH:0
end_of_record
TN:
SF:src/app/core/api/servicios-mindsoftdev/email-interval.service.ts
FN:21,(anonymous_0)
FN:29,(anonymous_1)
FN:37,(anonymous_2)
FN:45,(anonymous_3)
FN:54,(anonymous_4)
FN:63,(anonymous_5)
FN:72,(anonymous_6)
FNF:7
FNH:1
FNDA:1,(anonymous_0)
FNDA:0,(anonymous_1)
FNDA:0,(anonymous_2)
FNDA:0,(anonymous_3)
FNDA:0,(anonymous_4)
FNDA:0,(anonymous_5)
FNDA:0,(anonymous_6)
DA:11,1
DA:13,22
DA:14,22
DA:17,22
DA:18,21
DA:22,1
DA:23,1
DA:30,0
DA:31,0
DA:38,0
DA:39,0
DA:46,0
DA:47,0
DA:55,0
DA:56,0
DA:64,0
DA:65,0
DA:73,0
DA:74,0
LF:19
LH:7
BRF:0
BRH:0
end_of_record
TN:
SF:src/app/core/api/servicios-mindsoftdev/email.service.ts
FN:21,(anonymous_0)
FN:29,(anonymous_1)
FN:37,(anonymous_2)
FN:45,(anonymous_3)
FN:54,(anonymous_4)
FN:63,(anonymous_5)
FN:72,(anonymous_6)
FNF:7
FNH:5
FNDA:2,(anonymous_0)
FNDA:1,(anonymous_1)
FNDA:0,(anonymous_2)
FNDA:1,(anonymous_3)
FNDA:1,(anonymous_4)
FNDA:1,(anonymous_5)
FNDA:0,(anonymous_6)
DA:11,1
DA:13,16
DA:14,16
DA:17,16
DA:18,16
DA:22,2
DA:23,2
DA:30,1
DA:31,1
DA:38,0
DA:39,0
DA:46,1
DA:47,1
DA:55,1
DA:56,1
DA:64,1
DA:65,1
DA:73,0
DA:74,0
LF:19
LH:15
BRF:0
BRH:0
end_of_record
TN:
SF:src/app/core/api/servicios-mindsoftdev/reports.service.ts
FN:25,(anonymous_0)
FN:33,(anonymous_1)
FN:41,(anonymous_2)
FN:49,(anonymous_3)
FN:57,(anonymous_4)
FN:65,(anonymous_5)
FN:73,(anonymous_6)
FN:81,(anonymous_7)
FN:89,(anonymous_8)
FN:97,(anonymous_9)
FN:105,(anonymous_10)
FN:113,(anonymous_11)
FN:121,(anonymous_12)
FNF:13
FNH:13
FNDA:1,(anonymous_0)
FNDA:1,(anonymous_1)
FNDA:1,(anonymous_2)
FNDA:1,(anonymous_3)
FNDA:1,(anonymous_4)
FNDA:1,(anonymous_5)
FNDA:1,(anonymous_6)
FNDA:1,(anonymous_7)
FNDA:1,(anonymous_8)
FNDA:1,(anonymous_9)
FNDA:1,(anonymous_10)
FNDA:1,(anonymous_11)
FNDA:1,(anonymous_12)
DA:16,1
DA:17,17
DA:18,17
DA:21,17
DA:22,17
DA:26,1
DA:27,1
DA:34,1
DA:35,1
DA:42,1
DA:43,1
DA:50,1
DA:51,1
DA:58,1
DA:59,1
DA:66,1
DA:67,1
DA:74,1
DA:75,1
DA:82,1
DA:83,1
DA:90,1
DA:91,1
DA:98,1
DA:99,1
DA:106,1
DA:107,1
DA:114,1
DA:115,1
DA:122,1
DA:123,1
LF:31
LH:31
BRF:0
BRH:0
end_of_record
TN:
SF:src/app/core/api/servicios-mindsoftdev/sanctum.service.ts
FN:20,(anonymous_0)
FNF:1
FNH:1
FNDA:1,(anonymous_0)
DA:10,1
DA:12,10
DA:13,10
DA:16,10
DA:17,10
DA:21,1
DA:22,1
LF:7
LH:7
BRF:0
BRH:0
end_of_record
TN:
SF:src/app/core/api/servicios-mindsoftdev/service-category.service.ts
FN:21,(anonymous_0)
FN:29,(anonymous_1)
FN:37,(anonymous_2)
FN:45,(anonymous_3)
FN:54,(anonymous_4)
FN:63,(anonymous_5)
FN:72,(anonymous_6)
FNF:7
FNH:5
FNDA:2,(anonymous_0)
FNDA:1,(anonymous_1)
FNDA:0,(anonymous_2)
FNDA:1,(anonymous_3)
FNDA:1,(anonymous_4)
FNDA:1,(anonymous_5)
FNDA:0,(anonymous_6)
DA:11,1
DA:13,12
DA:14,12
DA:17,12
DA:18,12
DA:22,2
DA:23,2
DA:30,1
DA:31,1
DA:38,0
DA:39,0
DA:46,1
DA:47,1
DA:55,1
DA:56,1
DA:64,1
DA:65,1
DA:73,0
DA:74,0
LF:19
LH:15
BRF:0
BRH:0
end_of_record
TN:
SF:src/app/core/api/servicios-mindsoftdev/service-contract-term.service.ts
FN:21,(anonymous_0)
FN:29,(anonymous_1)
FN:37,(anonymous_2)
FN:45,(anonymous_3)
FN:54,(anonymous_4)
FN:63,(anonymous_5)
FN:72,(anonymous_6)
FNF:7
FNH:5
FNDA:4,(anonymous_0)
FNDA:1,(anonymous_1)
FNDA:0,(anonymous_2)
FNDA:1,(anonymous_3)
FNDA:1,(anonymous_4)
FNDA:1,(anonymous_5)
FNDA:0,(anonymous_6)
DA:11,1
DA:13,13
DA:14,13
DA:17,13
DA:18,13
DA:22,4
DA:23,4
DA:30,1
DA:31,1
DA:38,0
DA:39,0
DA:46,1
DA:47,1
DA:55,1
DA:56,1
DA:64,1
DA:65,1
DA:73,0
DA:74,0
LF:19
LH:15
BRF:0
BRH:0
end_of_record
TN:
SF:src/app/core/api/servicios-mindsoftdev/service-contract.service.ts
FN:21,(anonymous_0)
FN:29,(anonymous_1)
FN:37,(anonymous_2)
FN:45,(anonymous_3)
FN:53,(anonymous_4)
FN:62,(anonymous_5)
FN:71,(anonymous_6)
FN:80,(anonymous_7)
FN:89,(anonymous_8)
FN:98,(anonymous_9)
FNF:10
FNH:6
FNDA:2,(anonymous_0)
FNDA:1,(anonymous_1)
FNDA:1,(anonymous_2)
FNDA:0,(anonymous_3)
FNDA:1,(anonymous_4)
FNDA:1,(anonymous_5)
FNDA:1,(anonymous_6)
FNDA:0,(anonymous_7)
FNDA:0,(anonymous_8)
FNDA:0,(anonymous_9)
DA:11,1
DA:13,15
DA:14,15
DA:17,15
DA:18,14
DA:22,2
DA:23,2
DA:30,1
DA:31,1
DA:38,1
DA:39,1
DA:46,0
DA:47,0
DA:54,1
DA:55,1
DA:63,1
DA:64,1
DA:72,1
DA:73,1
DA:81,0
DA:82,0
DA:90,0
DA:91,0
DA:99,0
DA:100,0
LF:25
LH:17
BRF:0
BRH:0
end_of_record
TN:
SF:src/app/core/api/servicios-mindsoftdev/service-tax.service.ts
FN:21,(anonymous_0)
FN:29,(anonymous_1)
FN:37,(anonymous_2)
FN:46,(anonymous_3)
FN:55,(anonymous_4)
FN:64,(anonymous_5)
FN:73,(anonymous_6)
FNF:7
FNH:5
FNDA:2,(anonymous_0)
FNDA:1,(anonymous_1)
FNDA:0,(anonymous_2)
FNDA:1,(anonymous_3)
FNDA:1,(anonymous_4)
FNDA:1,(anonymous_5)
FNDA:0,(anonymous_6)
DA:11,1
DA:13,12
DA:14,12
DA:17,12
DA:18,12
DA:22,2
DA:23,2
DA:30,1
DA:31,1
DA:38,0
DA:39,0
DA:47,1
DA:48,1
DA:56,1
DA:57,1
DA:65,1
DA:66,1
DA:74,0
DA:75,0
LF:19
LH:15
BRF:0
BRH:0
end_of_record
TN:
SF:src/app/core/api/servicios-mindsoftdev/service.service.ts
FN:21,(anonymous_0)
FN:29,(anonymous_1)
FN:37,(anonymous_2)
FN:45,(anonymous_3)
FN:54,(anonymous_4)
FN:63,(anonymous_5)
FN:72,(anonymous_6)
FNF:7
FNH:7
FNDA:4,(anonymous_0)
FNDA:1,(anonymous_1)
FNDA:1,(anonymous_2)
FNDA:1,(anonymous_3)
FNDA:1,(anonymous_4)
FNDA:1,(anonymous_5)
FNDA:1,(anonymous_6)
DA:11,1
DA:13,14
DA:14,14
DA:17,14
DA:18,14
DA:22,4
DA:23,4
DA:30,1
DA:31,1
DA:38,1
DA:39,1
DA:46,1
DA:47,1
DA:55,1
DA:56,1
DA:64,1
DA:65,1
DA:73,1
DA:74,1
LF:19
LH:19
BRF:0
BRH:0
end_of_record
TN:
SF:src/app/core/api/servicios-mindsoftdev/survey-question.service.ts
FN:21,(anonymous_0)
FN:29,(anonymous_1)
FN:37,(anonymous_2)
FN:45,(anonymous_3)
FN:53,(anonymous_4)
FN:62,(anonymous_5)
FN:71,(anonymous_6)
FN:80,(anonymous_7)
FNF:8
FNH:1
FNDA:1,(anonymous_0)
FNDA:0,(anonymous_1)
FNDA:0,(anonymous_2)
FNDA:0,(anonymous_3)
FNDA:0,(anonymous_4)
FNDA:0,(anonymous_5)
FNDA:0,(anonymous_6)
FNDA:0,(anonymous_7)
DA:11,1
DA:13,6
DA:14,6
DA:17,6
DA:18,5
DA:22,1
DA:23,1
DA:30,0
DA:31,0
DA:38,0
DA:39,0
DA:46,0
DA:47,0
DA:54,0
DA:55,0
DA:63,0
DA:64,0
DA:72,0
DA:73,0
DA:81,0
DA:82,0
LF:21
LH:7
BRF:0
BRH:0
end_of_record
TN:
SF:src/app/core/api/servicios-mindsoftdev/survey.service.ts
FN:21,(anonymous_0)
FN:29,(anonymous_1)
FN:38,(anonymous_2)
FN:47,(anonymous_3)
FNF:4
FNH:0
FNDA:0,(anonymous_0)
FNDA:0,(anonymous_1)
FNDA:0,(anonymous_2)
FNDA:0,(anonymous_3)
DA:11,1
DA:13,6
DA:14,6
DA:17,6
DA:18,5
DA:22,0
DA:23,0
DA:30,0
DA:31,0
DA:39,0
DA:40,0
DA:48,0
DA:49,0
LF:13
LH:5
BRF:0
BRH:0
end_of_record
TN:
SF:src/app/core/api/servicios-mindsoftdev/ticket-message.service.ts
FN:21,(anonymous_0)
FN:29,(anonymous_1)
FN:37,(anonymous_2)
FN:46,(anonymous_3)
FN:55,(anonymous_4)
FNF:5
FNH:5
FNDA:1,(anonymous_0)
FNDA:1,(anonymous_1)
FNDA:1,(anonymous_2)
FNDA:1,(anonymous_3)
FNDA:1,(anonymous_4)
DA:11,1
DA:13,11
DA:14,11
DA:17,11
DA:18,11
DA:22,1
DA:23,1
DA:30,1
DA:31,1
DA:38,1
DA:39,1
DA:47,1
DA:48,1
DA:56,1
DA:57,1
LF:15
LH:15
BRF:0
BRH:0
end_of_record
TN:
SF:src/app/core/api/servicios-mindsoftdev/ticket.service.ts
FN:22,(anonymous_0)
FN:30,(anonymous_1)
FN:38,(anonymous_2)
FN:46,(anonymous_3)
FN:55,(anonymous_4)
FN:63,(anonymous_5)
FN:72,(anonymous_6)
FN:81,(anonymous_7)
FN:90,(anonymous_8)
FN:99,(anonymous_9)
FN:108,(anonymous_10)
FN:117,(anonymous_11)
FNF:12
FNH:5
FNDA:2,(anonymous_0)
FNDA:1,(anonymous_1)
FNDA:0,(anonymous_2)
FNDA:0,(anonymous_3)
FNDA:1,(anonymous_4)
FNDA:1,(anonymous_5)
FNDA:1,(anonymous_6)
FNDA:0,(anonymous_7)
FNDA:0,(anonymous_8)
FNDA:0,(anonymous_9)
FNDA:0,(anonymous_10)
FNDA:0,(anonymous_11)
DA:12,1
DA:14,11
DA:15,11
DA:18,11
DA:19,11
DA:23,2
DA:24,2
DA:31,1
DA:32,1
DA:39,0
DA:40,0
DA:47,0
DA:48,0
DA:49,0
DA:56,1
DA:57,1
DA:64,1
DA:65,1
DA:73,1
DA:74,1
DA:82,0
DA:83,0
DA:91,0
DA:92,0
DA:100,0
DA:101,0
DA:109,0
DA:110,0
DA:118,0
DA:119,0
LF:30
LH:15
BRF:0
BRH:0
end_of_record
TN:
SF:src/app/core/api/servicios-mindsoftdev/user-role.service.ts
FN:23,(anonymous_0)
FN:31,(anonymous_1)
FN:39,(anonymous_2)
FN:47,(anonymous_3)
FNF:4
FNH:4
FNDA:4,(anonymous_0)
FNDA:1,(anonymous_1)
FNDA:1,(anonymous_2)
FNDA:1,(anonymous_3)
DA:12,1
DA:14,53
DA:15,53
DA:16,53
DA:19,53
DA:20,52
DA:24,4
DA:25,4
DA:32,1
DA:33,1
DA:40,1
DA:41,1
DA:48,1
DA:49,1
LF:14
LH:14
BRF:0
BRH:0
end_of_record
TN:
SF:src/app/core/api/servicios-mindsoftdev/user.service.ts
FN:23,(anonymous_0)
FN:31,(anonymous_1)
FN:39,(anonymous_2)
FN:47,(anonymous_3)
FN:55,(anonymous_4)
FN:64,(anonymous_5)
FN:73,(anonymous_6)
FN:82,(anonymous_7)
FN:92,(anonymous_8)
FNF:9
FNH:1
FNDA:2,(anonymous_0)
FNDA:0,(anonymous_1)
FNDA:0,(anonymous_2)
FNDA:0,(anonymous_3)
FNDA:0,(anonymous_4)
FNDA:0,(anonymous_5)
FNDA:0,(anonymous_6)
FNDA:0,(anonymous_7)
FNDA:0,(anonymous_8)
DA:12,1
DA:14,29
DA:15,29
DA:16,29
DA:19,29
DA:20,28
DA:24,2
DA:25,2
DA:32,0
DA:33,0
DA:40,0
DA:41,0
DA:48,0
DA:49,0
DA:56,0
DA:57,0
DA:65,0
DA:66,0
DA:74,0
DA:75,0
DA:83,0
DA:84,0
DA:85,0
DA:93,0
DA:94,0
LF:25
LH:8
BRF:0
BRH:0
end_of_record
TN:
SF:src/app/core/guards/admin-role.guard.ts
FN:5,(anonymous_0)
FN:25,(anonymous_1)
FN:26,(anonymous_2)
FNF:3
FNH:3
FNDA:4,(anonymous_0)
FNDA:2,(anonymous_1)
FNDA:4,(anonymous_2)
DA:5,1
DA:6,4
DA:7,4
DA:9,4
DA:10,4
DA:11,4
DA:12,4
DA:13,4
DA:16,4
DA:17,2
DA:19,2
DA:21,2
DA:25,2
DA:26,2
DA:27,4
DA:29,4
DA:30,4
DA:31,2
DA:32,2
DA:34,2
DA:36,2
LF:21
LH:21
BRDA:16,0,0,2
BRDA:19,1,0,1
BRDA:30,2,0,2
BRDA:30,3,0,4
BRDA:30,3,1,4
BRDA:34,4,0,1
BRF:6
BRH:6
end_of_record
TN:
SF:src/app/core/guards/auth.guard.ts
FN:6,(anonymous_0)
FN:20,(anonymous_1)
FN:21,(anonymous_2)
FNF:3
FNH:3
FNDA:3,(anonymous_0)
FNDA:2,(anonymous_1)
FNDA:3,(anonymous_2)
DA:6,1
DA:7,3
DA:8,3
DA:10,3
DA:11,3
DA:12,3
DA:13,3
DA:14,3
DA:17,3
DA:20,2
DA:21,2
DA:22,3
DA:24,3
DA:25,3
DA:26,1
DA:27,1
DA:28,1
DA:31,3
DA:32,1
DA:33,1
LF:20
LH:20
BRDA:17,0,0,1
BRDA:25,1,0,1
BRDA:31,2,0,1
BRF:3
BRH:3
end_of_record
TN:
SF:src/app/core/guards/no-auth.guard.ts
FN:5,(anonymous_0)
FNF:1
FNH:0
FNDA:0,(anonymous_0)
DA:5,1
DA:6,0
DA:7,0
DA:9,0
DA:11,0
DA:13,0
DA:14,0
DA:18,0
LF:8
LH:1
BRDA:11,0,0,0
BRF:1
BRH:0
end_of_record
TN:
SF:src/app/core/guards/team-role.guard.ts
FN:5,(anonymous_0)
FN:25,(anonymous_1)
FN:26,(anonymous_2)
FNF:3
FNH:3
FNDA:4,(anonymous_0)
FNDA:2,(anonymous_1)
FNDA:4,(anonymous_2)
DA:5,1
DA:6,4
DA:7,4
DA:9,4
DA:10,4
DA:11,4
DA:12,4
DA:13,4
DA:16,4
DA:17,2
DA:19,2
DA:21,2
DA:25,2
DA:26,2
DA:27,4
DA:29,4
DA:30,4
DA:31,2
DA:32,2
DA:34,2
DA:36,2
LF:21
LH:21
BRDA:16,0,0,2
BRDA:19,1,0,1
BRDA:30,2,0,2
BRDA:30,3,0,4
BRDA:30,3,1,4
BRDA:34,4,0,1
BRF:6
BRH:6
end_of_record
TN:
SF:src/app/core/guards/technician-role.guard.ts
FN:5,(anonymous_0)
FN:25,(anonymous_1)
FN:26,(anonymous_2)
FNF:3
FNH:3
FNDA:4,(anonymous_0)
FNDA:2,(anonymous_1)
FNDA:4,(anonymous_2)
DA:5,1
DA:6,4
DA:7,4
DA:9,4
DA:10,4
DA:11,4
DA:12,4
DA:13,4
DA:16,4
DA:17,2
DA:19,2
DA:21,2
DA:25,2
DA:26,2
DA:27,4
DA:29,4
DA:30,4
DA:31,2
DA:32,2
DA:34,2
DA:36,2
LF:21
LH:21
BRDA:16,0,0,2
BRDA:19,1,0,1
BRDA:30,2,0,2
BRDA:30,3,0,4
BRDA:30,3,1,4
BRDA:34,4,0,1
BRF:6
BRH:6
end_of_record
TN:
SF:src/app/core/models/entities/company.model.ts
FN:23,(anonymous_0)
FNF:1
FNH:1
FNDA:9,(anonymous_0)
DA:24,9
DA:25,9
DA:26,9
DA:27,9
DA:28,9
DA:29,9
DA:30,9
DA:31,9
LF:8
LH:8
BRDA:24,0,0,0
BRDA:25,1,0,0
BRDA:26,2,0,0
BRDA:27,3,0,0
BRDA:28,4,0,0
BRDA:29,5,0,0
BRDA:30,6,0,0
BRDA:31,7,0,0
BRF:8
BRH:0
end_of_record
TN:
SF:src/app/core/models/entities/email-interval.model.ts
FN:21,(anonymous_0)
FNF:1
FNH:0
FNDA:0,(anonymous_0)
DA:22,0
DA:23,0
DA:24,0
DA:25,0
DA:26,0
LF:5
LH:0
BRDA:22,0,0,0
BRDA:23,1,0,0
BRDA:24,2,0,0
BRDA:25,3,0,0
BRDA:26,4,0,0
BRF:5
BRH:0
end_of_record
TN:
SF:src/app/core/models/entities/email-template.model.ts
FN:19,(anonymous_0)
FNF:1
FNH:1
FNDA:14,(anonymous_0)
DA:20,14
DA:21,14
DA:22,14
DA:23,14
LF:4
LH:4
BRDA:20,0,0,0
BRDA:21,1,0,0
BRDA:22,2,0,0
BRDA:23,3,0,7
BRF:4
BRH:1
end_of_record
TN:
SF:src/app/core/models/entities/service-category.model.ts
FN:18,(anonymous_0)
FNF:1
FNH:1
FNDA:19,(anonymous_0)
DA:19,19
DA:20,19
LF:2
LH:2
BRDA:19,0,0,0
BRDA:20,1,0,0
BRF:2
BRH:0
end_of_record
TN:
SF:src/app/core/models/entities/service-contract-term.model.ts
FN:18,(anonymous_0)
FNF:1
FNH:1
FNDA:6,(anonymous_0)
DA:19,6
DA:20,6
DA:21,6
LF:3
LH:3
BRDA:19,0,0,0
BRDA:20,1,0,0
BRDA:21,2,0,0
BRF:3
BRH:0
end_of_record
TN:
SF:src/app/core/models/entities/service-contract.model.ts
FN:25,(anonymous_0)
FNF:1
FNH:1
FNDA:9,(anonymous_0)
DA:26,9
DA:27,9
DA:28,9
DA:29,9
DA:30,9
DA:31,9
DA:32,9
DA:33,9
DA:34,9
DA:35,9
LF:10
LH:10
BRDA:26,0,0,0
BRDA:27,1,0,0
BRDA:28,2,0,0
BRDA:29,3,0,0
BRDA:30,4,0,0
BRDA:31,5,0,0
BRDA:32,6,0,0
BRDA:33,7,0,0
BRDA:34,8,0,9
BRDA:35,9,0,9
BRF:10
BRH:2
end_of_record
TN:
SF:src/app/core/models/entities/service-tax.model.ts
FN:18,(anonymous_0)
FNF:1
FNH:1
FNDA:19,(anonymous_0)
DA:19,19
DA:20,19
DA:21,19
LF:3
LH:3
BRDA:19,0,0,0
BRDA:20,1,0,0
BRDA:21,2,0,0
BRF:3
BRH:0
end_of_record
TN:
SF:src/app/core/models/entities/service.model.ts
FN:23,(anonymous_0)
FNF:1
FNH:1
FNDA:16,(anonymous_0)
DA:24,16
DA:25,16
DA:26,16
DA:27,16
DA:28,16
DA:29,16
DA:30,16
DA:31,16
LF:8
LH:8
BRDA:24,0,0,0
BRDA:25,1,0,0
BRDA:26,2,0,0
BRDA:27,3,0,0
BRDA:28,4,0,0
BRDA:29,5,0,0
BRDA:30,6,0,0
BRDA:31,7,0,0
BRF:8
BRH:0
end_of_record
TN:
SF:src/app/core/models/entities/survey-question.model.ts
FN:18,(anonymous_0)
FNF:1
FNH:0
FNDA:0,(anonymous_0)
DA:19,0
DA:20,0
DA:21,0
LF:3
LH:0
BRDA:19,0,0,0
BRDA:20,1,0,0
BRDA:21,2,0,0
BRF:3
BRH:0
end_of_record
TN:
SF:src/app/core/models/entities/survey.model.ts
FN:21,(anonymous_0)
FN:27,(anonymous_1)
FNF:2
FNH:0
FNDA:0,(anonymous_0)
FNDA:0,(anonymous_1)
DA:22,0
DA:28,0
DA:29,0
DA:30,0
DA:31,0
DA:32,0
DA:33,0
DA:34,0
LF:8
LH:0
BRDA:22,0,0,0
BRDA:28,1,0,0
BRDA:29,2,0,0
BRDA:30,3,0,0
BRDA:31,4,0,0
BRDA:32,5,0,0
BRDA:33,6,0,0
BRDA:34,7,0,0
BRF:8
BRH:0
end_of_record
TN:
SF:src/app/core/models/entities/ticket-message.model.ts
FN:23,(anonymous_0)
FNF:1
FNH:1
FNDA:7,(anonymous_0)
DA:24,7
DA:25,7
DA:26,7
DA:27,7
DA:28,7
DA:29,7
DA:30,7
DA:31,7
LF:8
LH:8
BRDA:24,0,0,1
BRDA:25,1,0,1
BRDA:26,2,0,1
BRDA:27,3,0,1
BRDA:28,4,0,1
BRDA:29,5,0,1
BRDA:30,6,0,1
BRDA:31,7,0,1
BRF:8
BRH:8
end_of_record
TN:
SF:src/app/core/models/entities/ticket.model.ts
FN:31,(anonymous_0)
FNF:1
FNH:1
FNDA:6,(anonymous_0)
DA:32,6
DA:33,6
DA:34,6
DA:35,6
DA:36,6
DA:37,6
DA:38,6
DA:39,6
DA:40,6
DA:41,6
DA:42,6
DA:43,6
DA:44,6
DA:45,6
DA:46,6
DA:47,6
LF:16
LH:16
BRDA:32,0,0,0
BRDA:33,1,0,0
BRDA:34,2,0,0
BRDA:35,3,0,0
BRDA:36,4,0,0
BRDA:37,5,0,0
BRDA:38,6,0,0
BRDA:39,7,0,0
BRDA:40,8,0,0
BRDA:41,9,0,0
BRDA:42,10,0,0
BRDA:43,11,0,0
BRDA:44,12,0,0
BRDA:45,13,0,0
BRDA:46,14,0,0
BRDA:47,15,0,0
BRF:16
BRH:0
end_of_record
TN:
SF:src/app/core/models/entities/user-role.model.ts
FN:20,(anonymous_0)
FNF:1
FNH:1
FNDA:4,(anonymous_0)
DA:21,4
DA:22,4
DA:23,4
LF:3
LH:3
BRDA:21,0,0,0
BRDA:22,1,0,0
BRDA:23,2,0,0
BRF:3
BRH:0
end_of_record
TN:
SF:src/app/core/models/entities/user.model.ts
FN:11,(anonymous_0)
FN:30,(anonymous_1)
FNF:2
FNH:2
FNDA:1,(anonymous_0)
FNDA:15,(anonymous_1)
DA:11,1
DA:12,1
DA:13,1
DA:14,1
DA:15,1
DA:31,15
DA:32,15
DA:33,15
DA:34,15
DA:35,15
DA:36,15
DA:37,15
DA:38,15
LF:13
LH:13
BRDA:11,0,0,1
BRDA:11,0,1,1
BRDA:31,1,0,1
BRDA:32,2,0,1
BRDA:33,3,0,1
BRDA:34,4,0,1
BRDA:35,5,0,1
BRDA:36,6,0,1
BRDA:37,7,0,1
BRDA:38,8,0,15
BRF:10
BRH:10
end_of_record
TN:
SF:src/app/core/models/reports/global/global-report.model.ts
FN:15,(anonymous_0)
FNF:1
FNH:1
FNDA:1,(anonymous_0)
DA:16,1
DA:17,1
DA:18,1
DA:19,1
DA:20,1
DA:21,1
LF:6
LH:6
BRDA:16,0,0,1
BRDA:17,1,0,1
BRDA:18,2,0,1
BRDA:19,3,0,1
BRDA:20,4,0,1
BRDA:21,5,0,1
BRF:6
BRH:6
end_of_record
TN:
SF:src/app/core/models/reports/techinican-performance/technician-performanceReport.model.ts
FN:16,(anonymous_0)
FNF:1
FNH:1
FNDA:1,(anonymous_0)
DA:17,1
DA:18,1
DA:19,1
DA:20,1
DA:21,1
DA:22,1
DA:23,1
LF:7
LH:7
BRDA:17,0,0,1
BRDA:18,1,0,1
BRDA:19,2,0,1
BRDA:20,3,0,1
BRDA:21,4,0,1
BRDA:22,5,0,1
BRDA:23,6,0,1
BRF:7
BRH:7
end_of_record
TN:
SF:src/app/core/models/reports/techinican-performance/fields/report-technician-reassigns.model.ts
FN:12,(anonymous_0)
FNF:1
FNH:1
FNDA:1,(anonymous_0)
DA:13,1
DA:14,1
LF:2
LH:2
BRDA:13,0,0,1
BRDA:14,1,0,1
BRF:2
BRH:2
end_of_record
TN:
SF:src/app/core/models/reports/techinican-performance/fields/report-technician-weekly-comparison.model.ts
FN:12,(anonymous_0)
FNF:1
FNH:1
FNDA:1,(anonymous_0)
DA:13,1
DA:14,1
LF:2
LH:2
BRDA:13,0,0,1
BRDA:14,1,0,1
BRF:2
BRH:2
end_of_record
TN:
SF:src/app/core/models/requests/login.request.ts
FN:2,(anonymous_0)
FNF:1
FNH:1
FNDA:1,(anonymous_0)
DA:3,1
DA:4,1
LF:2
LH:2
BRDA:3,0,0,0
BRDA:4,1,0,0
BRF:2
BRH:0
end_of_record
TN:
SF:src/app/core/models/requests/password.request.ts
FN:2,(anonymous_0)
FNF:1
FNH:0
FNDA:0,(anonymous_0)
DA:3,0
DA:4,0
DA:5,0
DA:6,0
LF:4
LH:0
BRDA:3,0,0,0
BRDA:4,1,0,0
BRDA:5,2,0,0
BRDA:6,3,0,0
BRF:4
BRH:0
end_of_record
TN:
SF:src/app/core/models/requests/service.request.ts
FN:2,(anonymous_0)
FNF:1
FNH:0
FNDA:0,(anonymous_0)
DA:3,0
DA:4,0
DA:5,0
LF:3
LH:0
BRDA:3,0,0,0
BRDA:4,1,0,0
BRDA:5,2,0,0
BRF:3
BRH:0
end_of_record
TN:
SF:src/app/core/services/ai-management.service.ts
FN:19,(anonymous_0)
FN:23,(anonymous_1)
FN:24,(anonymous_2)
FN:27,(anonymous_3)
FN:33,(anonymous_4)
FN:37,(anonymous_5)
FN:42,(anonymous_6)
FN:47,(anonymous_7)
FNF:8
FNH:1
FNDA:1,(anonymous_0)
FNDA:0,(anonymous_1)
FNDA:0,(anonymous_2)
FNDA:0,(anonymous_3)
FNDA:0,(anonymous_4)
FNDA:0,(anonymous_5)
FNDA:0,(anonymous_6)
FNDA:0,(anonymous_7)
DA:12,1
DA:13,3
DA:15,3
DA:16,3
DA:17,3
DA:20,1
DA:22,1
DA:23,0
DA:25,0
DA:28,0
DA:34,0
DA:36,0
DA:38,0
DA:39,0
DA:40,0
DA:43,0
DA:44,0
DA:45,0
DA:48,0
LF:19
LH:7
BRF:0
BRH:0
end_of_record
TN:
SF:src/app/core/services/auth-management.service.ts
FN:32,(anonymous_0)
FN:35,(anonymous_1)
FN:48,(anonymous_2)
FN:52,(anonymous_3)
FN:53,(anonymous_4)
FN:57,(anonymous_5)
FN:73,(anonymous_6)
FN:76,(anonymous_7)
FN:84,(anonymous_8)
FN:88,(anonymous_9)
FN:90,(anonymous_10)
FN:91,(anonymous_11)
FN:98,(anonymous_12)
FN:104,(anonymous_13)
FN:108,(anonymous_14)
FN:109,(anonymous_15)
FN:112,(anonymous_16)
FN:117,(anonymous_17)
FN:124,(anonymous_18)
FN:127,(anonymous_19)
FN:132,(anonymous_20)
FN:138,(anonymous_21)
FN:141,(anonymous_22)
FN:146,(anonymous_23)
FN:152,(anonymous_24)
FN:155,(anonymous_25)
FN:156,(anonymous_26)
FN:162,(anonymous_27)
FN:165,(anonymous_28)
FN:166,(anonymous_29)
FN:167,(anonymous_30)
FN:173,(anonymous_31)
FN:176,(anonymous_32)
FN:181,(anonymous_33)
FN:187,(anonymous_34)
FN:191,(anonymous_35)
FN:193,(anonymous_36)
FN:198,(anonymous_37)
FN:205,(anonymous_38)
FN:215,(anonymous_39)
FN:221,(anonymous_40)
FN:225,(anonymous_41)
FN:231,(anonymous_42)
FN:241,(anonymous_43)
FN:247,(anonymous_44)
FN:251,(anonymous_45)
FN:257,(anonymous_46)
FN:267,(anonymous_47)
FNF:48
FNH:18
FNDA:3,(anonymous_0)
FNDA:1,(anonymous_1)
FNDA:2,(anonymous_2)
FNDA:2,(anonymous_3)
FNDA:1,(anonymous_4)
FNDA:1,(anonymous_5)
FNDA:1,(anonymous_6)
FNDA:1,(anonymous_7)
FNDA:2,(anonymous_8)
FNDA:2,(anonymous_9)
FNDA:1,(anonymous_10)
FNDA:1,(anonymous_11)
FNDA:2,(anonymous_12)
FNDA:2,(anonymous_13)
FNDA:2,(anonymous_14)
FNDA:1,(anonymous_15)
FNDA:1,(anonymous_16)
FNDA:2,(anonymous_17)
FNDA:0,(anonymous_18)
FNDA:0,(anonymous_19)
FNDA:0,(anonymous_20)
FNDA:0,(anonymous_21)
FNDA:0,(anonymous_22)
FNDA:0,(anonymous_23)
FNDA:0,(anonymous_24)
FNDA:0,(anonymous_25)
FNDA:0,(anonymous_26)
FNDA:0,(anonymous_27)
FNDA:0,(anonymous_28)
FNDA:0,(anonymous_29)
FNDA:0,(anonymous_30)
FNDA:0,(anonymous_31)
FNDA:0,(anonymous_32)
FNDA:0,(anonymous_33)
FNDA:0,(anonymous_34)
FNDA:0,(anonymous_35)
FNDA:0,(anonymous_36)
FNDA:0,(anonymous_37)
FNDA:0,(anonymous_38)
FNDA:0,(anonymous_39)
FNDA:0,(anonymous_40)
FNDA:0,(anonymous_41)
FNDA:0,(anonymous_42)
FNDA:0,(anonymous_43)
FNDA:0,(anonymous_44)
FNDA:0,(anonymous_45)
FNDA:0,(anonymous_46)
FNDA:0,(anonymous_47)
DA:19,1
DA:22,17
DA:23,17
DA:24,17
DA:25,17
DA:26,17
DA:27,17
DA:28,17
DA:29,17
DA:33,3
DA:34,1
DA:36,1
DA:37,1
DA:38,1
DA:40,0
DA:41,0
DA:49,2
DA:51,2
DA:52,2
DA:54,1
DA:55,1
DA:58,1
DA:59,0
DA:60,0
DA:62,1
DA:63,0
DA:64,0
DA:66,1
DA:67,1
DA:74,1
DA:75,1
DA:77,1
DA:78,1
DA:85,2
DA:87,2
DA:89,2
DA:90,1
DA:92,1
DA:93,1
DA:94,1
DA:99,2
DA:105,2
DA:107,2
DA:108,2
DA:110,1
DA:113,1
DA:114,1
DA:115,1
DA:118,2
DA:125,0
DA:126,0
DA:128,0
DA:129,0
DA:130,0
DA:133,0
DA:139,0
DA:140,0
DA:142,0
DA:143,0
DA:144,0
DA:147,0
DA:153,0
DA:154,0
DA:155,0
DA:157,0
DA:163,0
DA:164,0
DA:165,0
DA:166,0
DA:168,0
DA:174,0
DA:175,0
DA:177,0
DA:178,0
DA:179,0
DA:182,0
DA:188,0
DA:190,0
DA:192,0
DA:194,0
DA:195,0
DA:196,0
DA:199,0
DA:200,0
DA:201,0
DA:206,0
DA:207,0
DA:208,0
DA:210,0
DA:211,0
DA:213,0
DA:216,0
DA:222,0
DA:224,0
DA:226,0
DA:227,0
DA:228,0
DA:229,0
DA:232,0
DA:233,0
DA:234,0
DA:236,0
DA:237,0
DA:239,0
DA:242,0
DA:248,0
DA:250,0
DA:252,0
DA:253,0
DA:254,0
DA:255,0
DA:258,0
DA:259,0
DA:260,0
DA:262,0
DA:263,0
DA:265,0
DA:268,0
LF:118
LH:43
BRDA:33,0,0,1
BRDA:36,1,0,1
BRDA:36,1,1,0
BRDA:58,2,0,0
BRDA:62,3,0,0
BRDA:77,4,0,1
BRDA:206,5,0,0
BRDA:206,5,1,0
BRDA:232,6,0,0
BRDA:232,6,1,0
BRDA:258,7,0,0
BRDA:258,7,1,0
BRF:12
BRH:3
end_of_record
TN:
SF:src/app/core/services/company-management.service.ts
FN:20,(anonymous_0)
FN:24,(anonymous_1)
FN:25,(anonymous_2)
FN:28,(anonymous_3)
FN:34,(anonymous_4)
FN:37,(anonymous_5)
FN:38,(anonymous_6)
FN:41,(anonymous_7)
FN:47,(anonymous_8)
FN:50,(anonymous_9)
FN:51,(anonymous_10)
FN:54,(anonymous_11)
FN:60,(anonymous_12)
FN:64,(anonymous_13)
FN:65,(anonymous_14)
FN:68,(anonymous_15)
FN:74,(anonymous_16)
FN:77,(anonymous_17)
FN:82,(anonymous_18)
FN:87,(anonymous_19)
FN:93,(anonymous_20)
FN:96,(anonymous_21)
FN:101,(anonymous_22)
FN:106,(anonymous_23)
FN:112,(anonymous_24)
FN:115,(anonymous_25)
FN:120,(anonymous_26)
FN:125,(anonymous_27)
FN:131,(anonymous_28)
FN:135,(anonymous_29)
FN:140,(anonymous_30)
FN:145,(anonymous_31)
FNF:32
FNH:20
FNDA:7,(anonymous_0)
FNDA:1,(anonymous_1)
FNDA:1,(anonymous_2)
FNDA:2,(anonymous_3)
FNDA:0,(anonymous_4)
FNDA:0,(anonymous_5)
FNDA:0,(anonymous_6)
FNDA:0,(anonymous_7)
FNDA:2,(anonymous_8)
FNDA:1,(anonymous_9)
FNDA:1,(anonymous_10)
FNDA:2,(anonymous_11)
FNDA:0,(anonymous_12)
FNDA:0,(anonymous_13)
FNDA:0,(anonymous_14)
FNDA:0,(anonymous_15)
FNDA:2,(anonymous_16)
FNDA:1,(anonymous_17)
FNDA:1,(anonymous_18)
FNDA:2,(anonymous_19)
FNDA:2,(anonymous_20)
FNDA:1,(anonymous_21)
FNDA:1,(anonymous_22)
FNDA:2,(anonymous_23)
FNDA:2,(anonymous_24)
FNDA:1,(anonymous_25)
FNDA:1,(anonymous_26)
FNDA:2,(anonymous_27)
FNDA:0,(anonymous_28)
FNDA:0,(anonymous_29)
FNDA:0,(anonymous_30)
FNDA:0,(anonymous_31)
DA:13,1
DA:14,18
DA:16,18
DA:17,18
DA:18,18
DA:21,7
DA:23,7
DA:24,1
DA:26,1
DA:29,2
DA:35,0
DA:36,0
DA:37,0
DA:39,0
DA:42,0
DA:48,2
DA:49,2
DA:50,1
DA:52,1
DA:55,2
DA:61,0
DA:63,0
DA:64,0
DA:66,0
DA:69,0
DA:75,2
DA:76,2
DA:78,1
DA:79,1
DA:80,1
DA:83,1
DA:84,1
DA:85,1
DA:88,2
DA:94,2
DA:95,2
DA:97,1
DA:98,1
DA:99,1
DA:102,1
DA:103,1
DA:104,1
DA:107,2
DA:113,2
DA:114,2
DA:116,1
DA:117,1
DA:118,1
DA:121,1
DA:122,1
DA:123,1
DA:126,2
DA:132,0
DA:134,0
DA:136,0
DA:137,0
DA:138,0
DA:141,0
DA:142,0
DA:143,0
DA:146,0
LF:61
LH:42
BRF:0
BRH:0
end_of_record
TN:
SF:src/app/core/services/dialog-manager.service.ts
FN:53,(anonymous_0)
FN:65,(anonymous_1)
FN:78,(anonymous_2)
FN:87,(anonymous_3)
FN:101,(anonymous_4)
FN:105,(anonymous_5)
FN:119,(anonymous_6)
FN:133,(anonymous_7)
FN:137,(anonymous_8)
FN:151,(anonymous_9)
FN:165,(anonymous_10)
FN:178,(anonymous_11)
FN:191,(anonymous_12)
FN:195,(anonymous_13)
FN:208,(anonymous_14)
FN:212,(anonymous_15)
FN:225,(anonymous_16)
FN:229,(anonymous_17)
FN:242,(anonymous_18)
FN:255,(anonymous_19)
FN:259,(anonymous_20)
FN:272,(anonymous_21)
FN:276,(anonymous_22)
FN:289,(anonymous_23)
FN:293,(anonymous_24)
FN:307,(anonymous_25)
FN:321,(anonymous_26)
FN:325,(anonymous_27)
FN:339,(anonymous_28)
FN:343,(anonymous_29)
FN:357,(anonymous_30)
FN:371,(anonymous_31)
FN:375,(anonymous_32)
FN:388,(anonymous_33)
FN:402,(anonymous_34)
FN:406,(anonymous_35)
FN:420,(anonymous_36)
FN:424,(anonymous_37)
FN:438,(anonymous_38)
FN:442,(anonymous_39)
FN:456,(anonymous_40)
FN:460,(anonymous_41)
FNF:42
FNH:26
FNDA:1,(anonymous_0)
FNDA:2,(anonymous_1)
FNDA:2,(anonymous_2)
FNDA:1,(anonymous_3)
FNDA:1,(anonymous_4)
FNDA:1,(anonymous_5)
FNDA:3,(anonymous_6)
FNDA:1,(anonymous_7)
FNDA:2,(anonymous_8)
FNDA:0,(anonymous_9)
FNDA:1,(anonymous_10)
FNDA:1,(anonymous_11)
FNDA:1,(anonymous_12)
FNDA:1,(anonymous_13)
FNDA:1,(anonymous_14)
FNDA:1,(anonymous_15)
FNDA:1,(anonymous_16)
FNDA:1,(anonymous_17)
FNDA:1,(anonymous_18)
FNDA:1,(anonymous_19)
FNDA:0,(anonymous_20)
FNDA:0,(anonymous_21)
FNDA:1,(anonymous_22)
FNDA:1,(anonymous_23)
FNDA:1,(anonymous_24)
FNDA:1,(anonymous_25)
FNDA:1,(anonymous_26)
FNDA:0,(anonymous_27)
FNDA:0,(anonymous_28)
FNDA:0,(anonymous_29)
FNDA:1,(anonymous_30)
FNDA:1,(anonymous_31)
FNDA:0,(anonymous_32)
FNDA:0,(anonymous_33)
FNDA:0,(anonymous_34)
FNDA:0,(anonymous_35)
FNDA:0,(anonymous_36)
FNDA:0,(anonymous_37)
FNDA:0,(anonymous_38)
FNDA:0,(anonymous_39)
FNDA:0,(anonymous_40)
FNDA:0,(anonymous_41)
DA:50,1
DA:51,36
DA:54,1
DA:55,1
DA:57,1
DA:66,2
DA:67,2
DA:69,2
DA:77,2
DA:79,2
DA:80,1
DA:82,1
DA:88,1
DA:89,1
DA:91,1
DA:100,1
DA:101,1
DA:106,1
DA:107,1
DA:109,1
DA:120,3
DA:121,3
DA:123,3
DA:132,3
DA:133,1
DA:138,2
DA:139,2
DA:141,2
DA:152,0
DA:153,0
DA:155,0
DA:166,1
DA:167,1
DA:169,1
DA:179,1
DA:180,1
DA:182,1
DA:190,1
DA:191,1
DA:196,1
DA:197,1
DA:199,1
DA:207,1
DA:208,1
DA:213,1
DA:214,1
DA:216,1
DA:224,1
DA:225,1
DA:230,1
DA:231,1
DA:233,1
DA:243,1
DA:244,1
DA:246,1
DA:254,1
DA:255,1
DA:260,0
DA:261,0
DA:263,0
DA:271,0
DA:272,0
DA:277,1
DA:278,1
DA:280,1
DA:288,1
DA:289,1
DA:294,1
DA:295,1
DA:297,1
DA:308,1
DA:309,1
DA:311,1
DA:320,1
DA:321,1
DA:326,0
DA:327,0
DA:329,0
DA:338,0
DA:339,0
DA:344,0
DA:345,0
DA:347,0
DA:358,1
DA:359,1
DA:361,1
DA:370,1
DA:371,1
DA:376,0
DA:377,0
DA:379,0
DA:389,0
DA:390,0
DA:392,0
DA:401,0
DA:402,0
DA:407,0
DA:408,0
DA:410,0
DA:419,0
DA:420,0
DA:425,0
DA:426,0
DA:428,0
DA:437,0
DA:438,0
DA:443,0
DA:444,0
DA:446,0
DA:455,0
DA:456,0
DA:461,0
DA:462,0
DA:464,0
LF:114
LH:72
BRDA:79,0,0,1
BRDA:79,0,1,1
BRDA:126,1,0,1
BRDA:126,1,1,2
BRF:4
BRH:4
end_of_record
TN:
SF:src/app/core/services/email-management.service.ts
FN:22,(anonymous_0)
FN:26,(anonymous_1)
FN:27,(anonymous_2)
FN:30,(anonymous_3)
FN:36,(anonymous_4)
FN:39,(anonymous_5)
FN:40,(anonymous_6)
FN:43,(anonymous_7)
FN:49,(anonymous_8)
FN:53,(anonymous_9)
FN:54,(anonymous_10)
FN:57,(anonymous_11)
FN:63,(anonymous_12)
FN:66,(anonymous_13)
FN:71,(anonymous_14)
FN:76,(anonymous_15)
FN:82,(anonymous_16)
FN:84,(anonymous_17)
FN:89,(anonymous_18)
FN:94,(anonymous_19)
FN:100,(anonymous_20)
FN:102,(anonymous_21)
FN:107,(anonymous_22)
FN:112,(anonymous_23)
FN:118,(anonymous_24)
FN:122,(anonymous_25)
FN:127,(anonymous_26)
FN:132,(anonymous_27)
FN:138,(anonymous_28)
FN:142,(anonymous_29)
FN:143,(anonymous_30)
FN:146,(anonymous_31)
FN:152,(anonymous_32)
FN:155,(anonymous_33)
FN:156,(anonymous_34)
FN:159,(anonymous_35)
FN:165,(anonymous_36)
FN:169,(anonymous_37)
FN:170,(anonymous_38)
FN:173,(anonymous_39)
FN:179,(anonymous_40)
FN:182,(anonymous_41)
FN:187,(anonymous_42)
FN:192,(anonymous_43)
FN:198,(anonymous_44)
FN:200,(anonymous_45)
FN:205,(anonymous_46)
FN:210,(anonymous_47)
FN:216,(anonymous_48)
FN:218,(anonymous_49)
FN:223,(anonymous_50)
FN:228,(anonymous_51)
FN:234,(anonymous_52)
FN:238,(anonymous_53)
FN:243,(anonymous_54)
FN:248,(anonymous_55)
FNF:56
FNH:21
FNDA:3,(anonymous_0)
FNDA:1,(anonymous_1)
FNDA:1,(anonymous_2)
FNDA:2,(anonymous_3)
FNDA:2,(anonymous_4)
FNDA:1,(anonymous_5)
FNDA:1,(anonymous_6)
FNDA:2,(anonymous_7)
FNDA:0,(anonymous_8)
FNDA:0,(anonymous_9)
FNDA:0,(anonymous_10)
FNDA:0,(anonymous_11)
FNDA:2,(anonymous_12)
FNDA:1,(anonymous_13)
FNDA:1,(anonymous_14)
FNDA:2,(anonymous_15)
FNDA:2,(anonymous_16)
FNDA:1,(anonymous_17)
FNDA:1,(anonymous_18)
FNDA:2,(anonymous_19)
FNDA:2,(anonymous_20)
FNDA:1,(anonymous_21)
FNDA:1,(anonymous_22)
FNDA:2,(anonymous_23)
FNDA:0,(anonymous_24)
FNDA:0,(anonymous_25)
FNDA:0,(anonymous_26)
FNDA:0,(anonymous_27)
FNDA:1,(anonymous_28)
FNDA:0,(anonymous_29)
FNDA:0,(anonymous_30)
FNDA:0,(anonymous_31)
FNDA:0,(anonymous_32)
FNDA:0,(anonymous_33)
FNDA:0,(anonymous_34)
FNDA:0,(anonymous_35)
FNDA:0,(anonymous_36)
FNDA:0,(anonymous_37)
FNDA:0,(anonymous_38)
FNDA:0,(anonymous_39)
FNDA:0,(anonymous_40)
FNDA:0,(anonymous_41)
FNDA:0,(anonymous_42)
FNDA:0,(anonymous_43)
FNDA:0,(anonymous_44)
FNDA:0,(anonymous_45)
FNDA:0,(anonymous_46)
FNDA:0,(anonymous_47)
FNDA:0,(anonymous_48)
FNDA:0,(anonymous_49)
FNDA:0,(anonymous_50)
FNDA:0,(anonymous_51)
FNDA:0,(anonymous_52)
FNDA:0,(anonymous_53)
FNDA:0,(anonymous_54)
FNDA:0,(anonymous_55)
DA:14,1
DA:15,21
DA:16,21
DA:18,21
DA:19,21
DA:20,21
DA:23,3
DA:25,3
DA:26,1
DA:28,1
DA:31,2
DA:37,2
DA:38,2
DA:39,1
DA:41,1
DA:44,2
DA:50,0
DA:52,0
DA:53,0
DA:55,0
DA:58,0
DA:64,2
DA:65,2
DA:67,1
DA:68,1
DA:69,1
DA:72,1
DA:73,1
DA:74,1
DA:77,2
DA:83,2
DA:85,1
DA:86,1
DA:87,1
DA:90,1
DA:91,1
DA:92,1
DA:95,2
DA:101,2
DA:103,1
DA:104,1
DA:105,1
DA:108,1
DA:109,1
DA:110,1
DA:113,2
DA:119,0
DA:121,0
DA:123,0
DA:124,0
DA:125,0
DA:128,0
DA:129,0
DA:130,0
DA:133,0
DA:139,1
DA:141,1
DA:142,0
DA:144,0
DA:147,0
DA:153,0
DA:154,0
DA:155,0
DA:157,0
DA:160,0
DA:166,0
DA:168,0
DA:169,0
DA:171,0
DA:174,0
DA:180,0
DA:181,0
DA:183,0
DA:184,0
DA:185,0
DA:188,0
DA:189,0
DA:190,0
DA:193,0
DA:199,0
DA:201,0
DA:202,0
DA:203,0
DA:206,0
DA:207,0
DA:208,0
DA:211,0
DA:217,0
DA:219,0
DA:220,0
DA:221,0
DA:224,0
DA:225,0
DA:226,0
DA:229,0
DA:235,0
DA:237,0
DA:239,0
DA:240,0
DA:241,0
DA:244,0
DA:245,0
DA:246,0
DA:249,0
LF:104
LH:43
BRF:0
BRH:0
end_of_record
TN:
SF:src/app/core/services/encryption.service.ts
FN:11,(anonymous_0)
FN:13,(anonymous_1)
FN:17,(anonymous_2)
FNF:3
FNH:3
FNDA:3,(anonymous_0)
FNDA:2,(anonymous_1)
FNDA:1,(anonymous_2)
DA:8,1
DA:9,3
DA:14,2
DA:18,1
LF:4
LH:4
BRF:0
BRH:0
end_of_record
TN:
SF:src/app/core/services/report-management.service.ts
FN:16,(anonymous_0)
FN:18,(anonymous_1)
FN:19,(anonymous_2)
FN:25,(anonymous_3)
FN:27,(anonymous_4)
FN:28,(anonymous_5)
FN:34,(anonymous_6)
FN:36,(anonymous_7)
FN:37,(anonymous_8)
FN:43,(anonymous_9)
FN:45,(anonymous_10)
FN:46,(anonymous_11)
FN:52,(anonymous_12)
FN:54,(anonymous_13)
FN:55,(anonymous_14)
FN:61,(anonymous_15)
FN:63,(anonymous_16)
FN:64,(anonymous_17)
FN:70,(anonymous_18)
FN:72,(anonymous_19)
FN:73,(anonymous_20)
FN:79,(anonymous_21)
FN:81,(anonymous_22)
FN:82,(anonymous_23)
FN:88,(anonymous_24)
FN:90,(anonymous_25)
FN:91,(anonymous_26)
FN:97,(anonymous_27)
FN:99,(anonymous_28)
FN:100,(anonymous_29)
FN:106,(anonymous_30)
FN:108,(anonymous_31)
FN:109,(anonymous_32)
FN:115,(anonymous_33)
FN:117,(anonymous_34)
FN:118,(anonymous_35)
FN:124,(anonymous_36)
FN:126,(anonymous_37)
FN:127,(anonymous_38)
FNF:39
FNH:0
FNDA:0,(anonymous_0)
FNDA:0,(anonymous_1)
FNDA:0,(anonymous_2)
FNDA:0,(anonymous_3)
FNDA:0,(anonymous_4)
FNDA:0,(anonymous_5)
FNDA:0,(anonymous_6)
FNDA:0,(anonymous_7)
FNDA:0,(anonymous_8)
FNDA:0,(anonymous_9)
FNDA:0,(anonymous_10)
FNDA:0,(anonymous_11)
FNDA:0,(anonymous_12)
FNDA:0,(anonymous_13)
FNDA:0,(anonymous_14)
FNDA:0,(anonymous_15)
FNDA:0,(anonymous_16)
FNDA:0,(anonymous_17)
FNDA:0,(anonymous_18)
FNDA:0,(anonymous_19)
FNDA:0,(anonymous_20)
FNDA:0,(anonymous_21)
FNDA:0,(anonymous_22)
FNDA:0,(anonymous_23)
FNDA:0,(anonymous_24)
FNDA:0,(anonymous_25)
FNDA:0,(anonymous_26)
FNDA:0,(anonymous_27)
FNDA:0,(anonymous_28)
FNDA:0,(anonymous_29)
FNDA:0,(anonymous_30)
FNDA:0,(anonymous_31)
FNDA:0,(anonymous_32)
FNDA:0,(anonymous_33)
FNDA:0,(anonymous_34)
FNDA:0,(anonymous_35)
FNDA:0,(anonymous_36)
FNDA:0,(anonymous_37)
FNDA:0,(anonymous_38)
DA:13,1
DA:14,3
DA:17,0
DA:18,0
DA:20,0
DA:26,0
DA:27,0
DA:29,0
DA:35,0
DA:36,0
DA:38,0
DA:44,0
DA:45,0
DA:47,0
DA:53,0
DA:54,0
DA:56,0
DA:62,0
DA:63,0
DA:65,0
DA:71,0
DA:72,0
DA:74,0
DA:80,0
DA:81,0
DA:83,0
DA:89,0
DA:90,0
DA:92,0
DA:98,0
DA:99,0
DA:101,0
DA:107,0
DA:108,0
DA:110,0
DA:116,0
DA:117,0
DA:119,0
DA:125,0
DA:126,0
DA:128,0
LF:41
LH:2
BRF:0
BRH:0
end_of_record
TN:
SF:src/app/core/services/service-contract-management.service.ts
FN:23,(anonymous_0)
FN:27,(anonymous_1)
FN:28,(anonymous_2)
FN:31,(anonymous_3)
FN:37,(anonymous_4)
FN:41,(anonymous_5)
FN:42,(anonymous_6)
FN:45,(anonymous_7)
FN:51,(anonymous_8)
FN:55,(anonymous_9)
FN:56,(anonymous_10)
FN:59,(anonymous_11)
FN:65,(anonymous_12)
FN:69,(anonymous_13)
FN:70,(anonymous_14)
FN:73,(anonymous_15)
FN:79,(anonymous_16)
FN:83,(anonymous_17)
FN:88,(anonymous_18)
FN:93,(anonymous_19)
FN:99,(anonymous_20)
FN:103,(anonymous_21)
FN:108,(anonymous_22)
FN:113,(anonymous_23)
FN:119,(anonymous_24)
FN:123,(anonymous_25)
FN:128,(anonymous_26)
FN:133,(anonymous_27)
FN:139,(anonymous_28)
FN:143,(anonymous_29)
FN:148,(anonymous_30)
FN:153,(anonymous_31)
FN:159,(anonymous_32)
FN:163,(anonymous_33)
FN:164,(anonymous_34)
FN:167,(anonymous_35)
FN:173,(anonymous_36)
FN:177,(anonymous_37)
FN:178,(anonymous_38)
FN:181,(anonymous_39)
FN:187,(anonymous_40)
FN:191,(anonymous_41)
FN:192,(anonymous_42)
FN:195,(anonymous_43)
FN:201,(anonymous_44)
FN:205,(anonymous_45)
FN:210,(anonymous_46)
FN:215,(anonymous_47)
FN:221,(anonymous_48)
FN:225,(anonymous_49)
FN:230,(anonymous_50)
FN:235,(anonymous_51)
FN:241,(anonymous_52)
FN:245,(anonymous_53)
FN:250,(anonymous_54)
FN:255,(anonymous_55)
FN:261,(anonymous_56)
FN:265,(anonymous_57)
FN:270,(anonymous_58)
FN:275,(anonymous_59)
FN:281,(anonymous_60)
FN:286,(anonymous_61)
FN:291,(anonymous_62)
FN:296,(anonymous_63)
FN:303,(anonymous_64)
FN:307,(anonymous_65)
FN:312,(anonymous_66)
FN:317,(anonymous_67)
FNF:68
FNH:44
FNDA:3,(anonymous_0)
FNDA:1,(anonymous_1)
FNDA:1,(anonymous_2)
FNDA:2,(anonymous_3)
FNDA:2,(anonymous_4)
FNDA:1,(anonymous_5)
FNDA:1,(anonymous_6)
FNDA:2,(anonymous_7)
FNDA:0,(anonymous_8)
FNDA:0,(anonymous_9)
FNDA:0,(anonymous_10)
FNDA:0,(anonymous_11)
FNDA:2,(anonymous_12)
FNDA:1,(anonymous_13)
FNDA:1,(anonymous_14)
FNDA:2,(anonymous_15)
FNDA:2,(anonymous_16)
FNDA:1,(anonymous_17)
FNDA:1,(anonymous_18)
FNDA:2,(anonymous_19)
FNDA:2,(anonymous_20)
FNDA:1,(anonymous_21)
FNDA:1,(anonymous_22)
FNDA:2,(anonymous_23)
FNDA:2,(anonymous_24)
FNDA:1,(anonymous_25)
FNDA:1,(anonymous_26)
FNDA:2,(anonymous_27)
FNDA:0,(anonymous_28)
FNDA:0,(anonymous_29)
FNDA:0,(anonymous_30)
FNDA:0,(anonymous_31)
FNDA:5,(anonymous_32)
FNDA:1,(anonymous_33)
FNDA:1,(anonymous_34)
FNDA:2,(anonymous_35)
FNDA:2,(anonymous_36)
FNDA:1,(anonymous_37)
FNDA:1,(anonymous_38)
FNDA:2,(anonymous_39)
FNDA:0,(anonymous_40)
FNDA:0,(anonymous_41)
FNDA:0,(anonymous_42)
FNDA:0,(anonymous_43)
FNDA:2,(anonymous_44)
FNDA:1,(anonymous_45)
FNDA:1,(anonymous_46)
FNDA:2,(anonymous_47)
FNDA:2,(anonymous_48)
FNDA:1,(anonymous_49)
FNDA:1,(anonymous_50)
FNDA:2,(anonymous_51)
FNDA:2,(anonymous_52)
FNDA:1,(anonymous_53)
FNDA:1,(anonymous_54)
FNDA:2,(anonymous_55)
FNDA:0,(anonymous_56)
FNDA:0,(anonymous_57)
FNDA:0,(anonymous_58)
FNDA:0,(anonymous_59)
FNDA:0,(anonymous_60)
FNDA:0,(anonymous_61)
FNDA:0,(anonymous_62)
FNDA:0,(anonymous_63)
FNDA:0,(anonymous_64)
FNDA:0,(anonymous_65)
FNDA:0,(anonymous_66)
FNDA:0,(anonymous_67)
DA:15,1
DA:16,31
DA:17,30
DA:19,30
DA:20,30
DA:21,30
DA:24,3
DA:26,3
DA:27,1
DA:29,1
DA:32,2
DA:38,2
DA:40,2
DA:41,1
DA:43,1
DA:46,2
DA:52,0
DA:54,0
DA:55,0
DA:57,0
DA:60,0
DA:66,2
DA:68,2
DA:69,1
DA:71,1
DA:74,2
DA:80,2
DA:82,2
DA:84,1
DA:85,1
DA:86,1
DA:89,1
DA:90,1
DA:91,1
DA:94,2
DA:100,2
DA:102,2
DA:104,1
DA:105,1
DA:106,1
DA:109,1
DA:110,1
DA:111,1
DA:114,2
DA:120,2
DA:122,2
DA:124,1
DA:125,1
DA:126,1
DA:129,1
DA:130,1
DA:131,1
DA:134,2
DA:140,0
DA:142,0
DA:144,0
DA:145,0
DA:146,0
DA:149,0
DA:150,0
DA:151,0
DA:154,0
DA:160,5
DA:162,5
DA:163,1
DA:165,1
DA:168,2
DA:174,2
DA:176,2
DA:177,1
DA:179,1
DA:182,2
DA:188,0
DA:190,0
DA:191,0
DA:193,0
DA:196,0
DA:202,2
DA:204,2
DA:206,1
DA:207,1
DA:208,1
DA:211,1
DA:212,1
DA:213,1
DA:216,2
DA:222,2
DA:224,2
DA:226,1
DA:227,1
DA:228,1
DA:231,1
DA:232,1
DA:233,1
DA:236,2
DA:242,2
DA:244,2
DA:246,1
DA:247,1
DA:248,1
DA:251,1
DA:252,1
DA:253,1
DA:256,2
DA:262,0
DA:264,0
DA:266,0
DA:267,0
DA:268,0
DA:271,0
DA:272,0
DA:273,0
DA:276,0
DA:282,0
DA:284,0
DA:285,0
DA:287,0
DA:288,0
DA:289,0
DA:292,0
DA:293,0
DA:294,0
DA:297,0
DA:304,0
DA:306,0
DA:308,0
DA:309,0
DA:310,0
DA:313,0
DA:314,0
DA:315,0
DA:318,0
LF:132
LH:85
BRF:0
BRH:0
end_of_record
TN:
SF:src/app/core/services/service-management.service.ts
FN:26,(anonymous_0)
FN:30,(anonymous_1)
FN:31,(anonymous_2)
FN:34,(anonymous_3)
FN:40,(anonymous_4)
FN:44,(anonymous_5)
FN:45,(anonymous_6)
FN:48,(anonymous_7)
FN:54,(anonymous_8)
FN:58,(anonymous_9)
FN:59,(anonymous_10)
FN:62,(anonymous_11)
FN:68,(anonymous_12)
FN:72,(anonymous_13)
FN:77,(anonymous_14)
FN:82,(anonymous_15)
FN:88,(anonymous_16)
FN:92,(anonymous_17)
FN:97,(anonymous_18)
FN:102,(anonymous_19)
FN:108,(anonymous_20)
FN:112,(anonymous_21)
FN:117,(anonymous_22)
FN:122,(anonymous_23)
FN:128,(anonymous_24)
FN:132,(anonymous_25)
FN:137,(anonymous_26)
FN:142,(anonymous_27)
FN:148,(anonymous_28)
FN:152,(anonymous_29)
FN:153,(anonymous_30)
FN:156,(anonymous_31)
FN:162,(anonymous_32)
FN:166,(anonymous_33)
FN:167,(anonymous_34)
FN:170,(anonymous_35)
FN:176,(anonymous_36)
FN:180,(anonymous_37)
FN:181,(anonymous_38)
FN:184,(anonymous_39)
FN:190,(anonymous_40)
FN:194,(anonymous_41)
FN:199,(anonymous_42)
FN:204,(anonymous_43)
FN:210,(anonymous_44)
FN:214,(anonymous_45)
FN:219,(anonymous_46)
FN:224,(anonymous_47)
FN:230,(anonymous_48)
FN:234,(anonymous_49)
FN:239,(anonymous_50)
FN:244,(anonymous_51)
FN:250,(anonymous_52)
FN:254,(anonymous_53)
FN:259,(anonymous_54)
FN:264,(anonymous_55)
FN:270,(anonymous_56)
FN:274,(anonymous_57)
FN:275,(anonymous_58)
FN:278,(anonymous_59)
FN:284,(anonymous_60)
FN:288,(anonymous_61)
FN:289,(anonymous_62)
FN:292,(anonymous_63)
FN:298,(anonymous_64)
FN:302,(anonymous_65)
FN:303,(anonymous_66)
FN:306,(anonymous_67)
FN:312,(anonymous_68)
FN:316,(anonymous_69)
FN:321,(anonymous_70)
FN:326,(anonymous_71)
FN:332,(anonymous_72)
FN:336,(anonymous_73)
FN:341,(anonymous_74)
FN:346,(anonymous_75)
FN:352,(anonymous_76)
FN:356,(anonymous_77)
FN:361,(anonymous_78)
FN:366,(anonymous_79)
FN:372,(anonymous_80)
FN:376,(anonymous_81)
FN:381,(anonymous_82)
FN:386,(anonymous_83)
FNF:84
FNH:60
FNDA:5,(anonymous_0)
FNDA:1,(anonymous_1)
FNDA:1,(anonymous_2)
FNDA:2,(anonymous_3)
FNDA:0,(anonymous_4)
FNDA:0,(anonymous_5)
FNDA:0,(anonymous_6)
FNDA:0,(anonymous_7)
FNDA:0,(anonymous_8)
FNDA:0,(anonymous_9)
FNDA:0,(anonymous_10)
FNDA:0,(anonymous_11)
FNDA:2,(anonymous_12)
FNDA:1,(anonymous_13)
FNDA:1,(anonymous_14)
FNDA:2,(anonymous_15)
FNDA:0,(anonymous_16)
FNDA:0,(anonymous_17)
FNDA:0,(anonymous_18)
FNDA:0,(anonymous_19)
FNDA:2,(anonymous_20)
FNDA:1,(anonymous_21)
FNDA:1,(anonymous_22)
FNDA:2,(anonymous_23)
FNDA:2,(anonymous_24)
FNDA:1,(anonymous_25)
FNDA:1,(anonymous_26)
FNDA:2,(anonymous_27)
FNDA:3,(anonymous_28)
FNDA:1,(anonymous_29)
FNDA:1,(anonymous_30)
FNDA:2,(anonymous_31)
FNDA:2,(anonymous_32)
FNDA:1,(anonymous_33)
FNDA:1,(anonymous_34)
FNDA:2,(anonymous_35)
FNDA:0,(anonymous_36)
FNDA:0,(anonymous_37)
FNDA:0,(anonymous_38)
FNDA:0,(anonymous_39)
FNDA:2,(anonymous_40)
FNDA:1,(anonymous_41)
FNDA:1,(anonymous_42)
FNDA:2,(anonymous_43)
FNDA:2,(anonymous_44)
FNDA:1,(anonymous_45)
FNDA:1,(anonymous_46)
FNDA:2,(anonymous_47)
FNDA:2,(anonymous_48)
FNDA:1,(anonymous_49)
FNDA:1,(anonymous_50)
FNDA:2,(anonymous_51)
FNDA:2,(anonymous_52)
FNDA:1,(anonymous_53)
FNDA:1,(anonymous_54)
FNDA:2,(anonymous_55)
FNDA:3,(anonymous_56)
FNDA:1,(anonymous_57)
FNDA:1,(anonymous_58)
FNDA:2,(anonymous_59)
FNDA:0,(anonymous_60)
FNDA:0,(anonymous_61)
FNDA:0,(anonymous_62)
FNDA:0,(anonymous_63)
FNDA:0,(anonymous_64)
FNDA:0,(anonymous_65)
FNDA:0,(anonymous_66)
FNDA:0,(anonymous_67)
FNDA:2,(anonymous_68)
FNDA:1,(anonymous_69)
FNDA:1,(anonymous_70)
FNDA:2,(anonymous_71)
FNDA:4,(anonymous_72)
FNDA:2,(anonymous_73)
FNDA:2,(anonymous_74)
FNDA:4,(anonymous_75)
FNDA:2,(anonymous_76)
FNDA:1,(anonymous_77)
FNDA:1,(anonymous_78)
FNDA:2,(anonymous_79)
FNDA:2,(anonymous_80)
FNDA:1,(anonymous_81)
FNDA:1,(anonymous_82)
FNDA:2,(anonymous_83)
DA:16,1
DA:17,39
DA:18,39
DA:19,39
DA:21,39
DA:22,39
DA:24,39
DA:27,5
DA:29,5
DA:30,1
DA:32,1
DA:35,2
DA:41,0
DA:43,0
DA:44,0
DA:46,0
DA:49,0
DA:55,0
DA:57,0
DA:58,0
DA:60,0
DA:63,0
DA:69,2
DA:71,2
DA:73,1
DA:74,1
DA:75,1
DA:78,1
DA:79,1
DA:80,1
DA:83,2
DA:89,0
DA:91,0
DA:93,0
DA:94,0
DA:95,0
DA:98,0
DA:99,0
DA:100,0
DA:103,0
DA:109,2
DA:111,2
DA:113,1
DA:114,1
DA:115,1
DA:118,1
DA:119,1
DA:120,1
DA:123,2
DA:129,2
DA:131,2
DA:133,1
DA:134,1
DA:135,1
DA:138,1
DA:139,1
DA:140,1
DA:143,2
DA:149,3
DA:151,3
DA:152,1
DA:154,1
DA:157,2
DA:163,2
DA:165,2
DA:166,1
DA:168,1
DA:171,2
DA:177,0
DA:179,0
DA:180,0
DA:182,0
DA:185,0
DA:191,2
DA:193,2
DA:195,1
DA:196,1
DA:197,1
DA:200,1
DA:201,1
DA:202,1
DA:205,2
DA:211,2
DA:213,2
DA:215,1
DA:216,1
DA:217,1
DA:220,1
DA:221,1
DA:222,1
DA:225,2
DA:231,2
DA:233,2
DA:235,1
DA:236,1
DA:237,1
DA:240,1
DA:241,1
DA:242,1
DA:245,2
DA:251,2
DA:253,2
DA:255,1
DA:256,1
DA:257,1
DA:260,1
DA:261,1
DA:262,1
DA:265,2
DA:271,3
DA:273,3
DA:274,1
DA:276,1
DA:279,2
DA:285,0
DA:287,0
DA:288,0
DA:290,0
DA:293,0
DA:299,0
DA:301,0
DA:302,0
DA:304,0
DA:307,0
DA:313,2
DA:315,2
DA:317,1
DA:318,1
DA:319,1
DA:322,1
DA:323,1
DA:324,1
DA:327,2
DA:333,4
DA:335,4
DA:337,2
DA:338,2
DA:339,2
DA:342,2
DA:343,2
DA:344,2
DA:347,4
DA:353,2
DA:355,2
DA:357,1
DA:358,1
DA:359,1
DA:362,1
DA:363,1
DA:364,1
DA:367,2
DA:373,2
DA:375,2
DA:377,1
DA:378,1
DA:379,1
DA:382,1
DA:383,1
DA:384,1
DA:387,2
LF:160
LH:126
BRF:0
BRH:0
end_of_record
TN:
SF:src/app/core/services/survey-management.service.ts
FN:22,(anonymous_0)
FN:26,(anonymous_1)
FN:34,(anonymous_2)
FN:37,(anonymous_3)
FN:43,(anonymous_4)
FN:47,(anonymous_5)
FN:52,(anonymous_6)
FN:57,(anonymous_7)
FN:63,(anonymous_8)
FN:67,(anonymous_9)
FN:72,(anonymous_10)
FN:77,(anonymous_11)
FN:83,(anonymous_12)
FN:87,(anonymous_13)
FN:92,(anonymous_14)
FN:97,(anonymous_15)
FN:103,(anonymous_16)
FN:107,(anonymous_17)
FN:108,(anonymous_18)
FN:111,(anonymous_19)
FN:117,(anonymous_20)
FN:121,(anonymous_21)
FN:122,(anonymous_22)
FN:125,(anonymous_23)
FN:131,(anonymous_24)
FN:135,(anonymous_25)
FN:136,(anonymous_26)
FN:139,(anonymous_27)
FN:145,(anonymous_28)
FN:149,(anonymous_29)
FN:150,(anonymous_30)
FN:153,(anonymous_31)
FN:159,(anonymous_32)
FN:163,(anonymous_33)
FN:168,(anonymous_34)
FN:173,(anonymous_35)
FN:179,(anonymous_36)
FN:183,(anonymous_37)
FN:188,(anonymous_38)
FN:193,(anonymous_39)
FN:199,(anonymous_40)
FN:203,(anonymous_41)
FN:208,(anonymous_42)
FN:213,(anonymous_43)
FN:219,(anonymous_44)
FN:223,(anonymous_45)
FN:228,(anonymous_46)
FN:233,(anonymous_47)
FNF:48
FNH:1
FNDA:0,(anonymous_0)
FNDA:0,(anonymous_1)
FNDA:0,(anonymous_2)
FNDA:0,(anonymous_3)
FNDA:0,(anonymous_4)
FNDA:0,(anonymous_5)
FNDA:0,(anonymous_6)
FNDA:0,(anonymous_7)
FNDA:0,(anonymous_8)
FNDA:0,(anonymous_9)
FNDA:0,(anonymous_10)
FNDA:0,(anonymous_11)
FNDA:0,(anonymous_12)
FNDA:0,(anonymous_13)
FNDA:0,(anonymous_14)
FNDA:0,(anonymous_15)
FNDA:1,(anonymous_16)
FNDA:0,(anonymous_17)
FNDA:0,(anonymous_18)
FNDA:0,(anonymous_19)
FNDA:0,(anonymous_20)
FNDA:0,(anonymous_21)
FNDA:0,(anonymous_22)
FNDA:0,(anonymous_23)
FNDA:0,(anonymous_24)
FNDA:0,(anonymous_25)
FNDA:0,(anonymous_26)
FNDA:0,(anonymous_27)
FNDA:0,(anonymous_28)
FNDA:0,(anonymous_29)
FNDA:0,(anonymous_30)
FNDA:0,(anonymous_31)
FNDA:0,(anonymous_32)
FNDA:0,(anonymous_33)
FNDA:0,(anonymous_34)
FNDA:0,(anonymous_35)
FNDA:0,(anonymous_36)
FNDA:0,(anonymous_37)
FNDA:0,(anonymous_38)
FNDA:0,(anonymous_39)
FNDA:0,(anonymous_40)
FNDA:0,(anonymous_41)
FNDA:0,(anonymous_42)
FNDA:0,(anonymous_43)
FNDA:0,(anonymous_44)
FNDA:0,(anonymous_45)
FNDA:0,(anonymous_46)
FNDA:0,(anonymous_47)
DA:14,1
DA:15,5
DA:16,5
DA:18,5
DA:19,5
DA:20,5
DA:23,0
DA:25,0
DA:27,0
DA:28,0
DA:29,0
DA:32,0
DA:35,0
DA:38,0
DA:44,0
DA:46,0
DA:48,0
DA:49,0
DA:50,0
DA:53,0
DA:54,0
DA:55,0
DA:58,0
DA:64,0
DA:66,0
DA:68,0
DA:69,0
DA:70,0
DA:73,0
DA:74,0
DA:75,0
DA:78,0
DA:84,0
DA:86,0
DA:88,0
DA:89,0
DA:90,0
DA:93,0
DA:94,0
DA:95,0
DA:98,0
DA:104,1
DA:106,1
DA:107,0
DA:109,0
DA:112,0
DA:118,0
DA:120,0
DA:121,0
DA:123,0
DA:126,0
DA:132,0
DA:134,0
DA:135,0
DA:137,0
DA:140,0
DA:146,0
DA:148,0
DA:149,0
DA:151,0
DA:154,0
DA:160,0
DA:162,0
DA:164,0
DA:165,0
DA:166,0
DA:169,0
DA:170,0
DA:171,0
DA:174,0
DA:180,0
DA:182,0
DA:184,0
DA:185,0
DA:186,0
DA:189,0
DA:190,0
DA:191,0
DA:194,0
DA:200,0
DA:202,0
DA:204,0
DA:205,0
DA:206,0
DA:209,0
DA:210,0
DA:211,0
DA:214,0
DA:220,0
DA:222,0
DA:224,0
DA:225,0
DA:226,0
DA:229,0
DA:230,0
DA:231,0
DA:234,0
LF:97
LH:8
BRDA:27,0,0,0
BRF:1
BRH:0
end_of_record
TN:
SF:src/app/core/services/theme.service.ts
FN:17,(anonymous_0)
FN:26,(anonymous_1)
FN:32,(anonymous_2)
FN:37,(anonymous_3)
FNF:4
FNH:4
FNDA:4,(anonymous_0)
FNDA:2,(anonymous_1)
FNDA:4,(anonymous_2)
FNDA:1,(anonymous_3)
DA:8,1
DA:10,8
DA:13,8
DA:14,8
DA:18,4
DA:19,4
DA:22,0
DA:23,4
DA:27,2
DA:28,2
DA:29,2
DA:33,4
DA:34,4
DA:38,1
DA:39,1
DA:41,1
DA:42,1
DA:44,0
DA:46,1
DA:47,1
LF:20
LH:18
BRDA:14,0,0,8
BRDA:14,0,1,8
BRDA:18,1,0,4
BRDA:18,1,1,0
BRDA:27,2,0,1
BRDA:27,2,1,1
BRDA:41,3,0,1
BRDA:41,3,1,0
BRF:8
BRH:6
end_of_record
TN:
SF:src/app/core/services/ticket-management.service.ts
FN:23,(anonymous_0)
FN:27,(anonymous_1)
FN:28,(anonymous_2)
FN:31,(anonymous_3)
FN:37,(anonymous_4)
FN:39,(anonymous_5)
FN:40,(anonymous_6)
FN:46,(anonymous_7)
FN:49,(anonymous_8)
FN:57,(anonymous_9)
FN:60,(anonymous_10)
FN:66,(anonymous_11)
FN:70,(anonymous_12)
FN:71,(anonymous_13)
FN:74,(anonymous_14)
FN:80,(anonymous_15)
FN:84,(anonymous_16)
FN:93,(anonymous_17)
FN:100,(anonymous_18)
FN:105,(anonymous_19)
FN:111,(anonymous_20)
FN:115,(anonymous_21)
FN:120,(anonymous_22)
FN:125,(anonymous_23)
FN:131,(anonymous_24)
FN:135,(anonymous_25)
FN:140,(anonymous_26)
FN:145,(anonymous_27)
FN:152,(anonymous_28)
FN:156,(anonymous_29)
FN:161,(anonymous_30)
FN:166,(anonymous_31)
FN:172,(anonymous_32)
FN:176,(anonymous_33)
FN:181,(anonymous_34)
FN:186,(anonymous_35)
FN:192,(anonymous_36)
FN:196,(anonymous_37)
FN:201,(anonymous_38)
FN:206,(anonymous_39)
FN:212,(anonymous_40)
FN:216,(anonymous_41)
FN:221,(anonymous_42)
FN:226,(anonymous_43)
FN:232,(anonymous_44)
FN:236,(anonymous_45)
FN:241,(anonymous_46)
FN:246,(anonymous_47)
FN:252,(anonymous_48)
FN:255,(anonymous_49)
FN:256,(anonymous_50)
FN:259,(anonymous_51)
FN:265,(anonymous_52)
FN:267,(anonymous_53)
FN:268,(anonymous_54)
FNF:55
FNH:31
FNDA:3,(anonymous_0)
FNDA:1,(anonymous_1)
FNDA:1,(anonymous_2)
FNDA:2,(anonymous_3)
FNDA:2,(anonymous_4)
FNDA:1,(anonymous_5)
FNDA:1,(anonymous_6)
FNDA:0,(anonymous_7)
FNDA:0,(anonymous_8)
FNDA:0,(anonymous_9)
FNDA:0,(anonymous_10)
FNDA:0,(anonymous_11)
FNDA:0,(anonymous_12)
FNDA:0,(anonymous_13)
FNDA:0,(anonymous_14)
FNDA:2,(anonymous_15)
FNDA:1,(anonymous_16)
FNDA:1,(anonymous_17)
FNDA:1,(anonymous_18)
FNDA:2,(anonymous_19)
FNDA:2,(anonymous_20)
FNDA:1,(anonymous_21)
FNDA:1,(anonymous_22)
FNDA:2,(anonymous_23)
FNDA:2,(anonymous_24)
FNDA:1,(anonymous_25)
FNDA:1,(anonymous_26)
FNDA:2,(anonymous_27)
FNDA:0,(anonymous_28)
FNDA:0,(anonymous_29)
FNDA:0,(anonymous_30)
FNDA:0,(anonymous_31)
FNDA:0,(anonymous_32)
FNDA:0,(anonymous_33)
FNDA:0,(anonymous_34)
FNDA:0,(anonymous_35)
FNDA:2,(anonymous_36)
FNDA:1,(anonymous_37)
FNDA:1,(anonymous_38)
FNDA:2,(anonymous_39)
FNDA:0,(anonymous_40)
FNDA:0,(anonymous_41)
FNDA:0,(anonymous_42)
FNDA:0,(anonymous_43)
FNDA:0,(anonymous_44)
FNDA:0,(anonymous_45)
FNDA:0,(anonymous_46)
FNDA:0,(anonymous_47)
FNDA:2,(anonymous_48)
FNDA:1,(anonymous_49)
FNDA:1,(anonymous_50)
FNDA:2,(anonymous_51)
FNDA:2,(anonymous_52)
FNDA:1,(anonymous_53)
FNDA:1,(anonymous_54)
DA:15,1
DA:16,29
DA:17,29
DA:19,29
DA:20,29
DA:21,29
DA:24,3
DA:26,3
DA:27,1
DA:29,1
DA:32,2
DA:38,2
DA:39,1
DA:41,1
DA:47,0
DA:48,0
DA:50,0
DA:51,0
DA:52,0
DA:55,0
DA:58,0
DA:61,0
DA:67,0
DA:69,0
DA:70,0
DA:72,0
DA:75,0
DA:81,2
DA:83,2
DA:86,1
DA:87,1
DA:88,1
DA:89,1
DA:92,1
DA:94,1
DA:95,1
DA:96,1
DA:101,1
DA:102,1
DA:103,1
DA:106,2
DA:112,2
DA:114,2
DA:116,1
DA:117,1
DA:118,1
DA:121,1
DA:122,1
DA:123,1
DA:126,2
DA:132,2
DA:134,2
DA:136,1
DA:137,1
DA:138,1
DA:141,1
DA:142,1
DA:143,1
DA:146,2
DA:153,0
DA:155,0
DA:157,0
DA:158,0
DA:159,0
DA:162,0
DA:163,0
DA:164,0
DA:167,0
DA:173,0
DA:175,0
DA:177,0
DA:178,0
DA:179,0
DA:182,0
DA:183,0
DA:184,0
DA:187,0
DA:193,2
DA:195,2
DA:197,1
DA:198,1
DA:199,1
DA:202,1
DA:203,1
DA:204,1
DA:207,2
DA:213,0
DA:215,0
DA:217,0
DA:218,0
DA:219,0
DA:222,0
DA:223,0
DA:224,0
DA:227,0
DA:233,0
DA:235,0
DA:237,0
DA:238,0
DA:239,0
DA:242,0
DA:243,0
DA:244,0
DA:247,0
DA:253,2
DA:254,2
DA:255,1
DA:257,1
DA:260,2
DA:266,2
DA:267,1
DA:269,1
DA:270,1
DA:271,1
LF:114
LH:65
BRDA:50,0,0,0
BRF:1
BRH:0
end_of_record
TN:
SF:src/app/core/services/token.service.ts
FN:12,(anonymous_0)
FN:18,(anonymous_1)
FN:24,(anonymous_2)
FN:28,(anonymous_3)
FN:30,(anonymous_4)
FNF:5
FNH:5
FNDA:41,(anonymous_0)
FNDA:4,(anonymous_1)
FNDA:1,(anonymous_2)
FNDA:1,(anonymous_3)
FNDA:1,(anonymous_4)
DA:7,1
DA:8,168
DA:9,168
DA:10,168
DA:13,41
DA:14,41
DA:15,40
DA:19,4
DA:20,4
DA:21,3
DA:25,1
DA:29,1
DA:30,1
DA:31,1
DA:32,1
DA:33,0
DA:34,0
LF:17
LH:15
BRDA:14,0,0,1
BRDA:20,1,0,1
BRDA:32,2,0,0
BRDA:32,3,0,1
BRDA:32,3,1,0
BRF:5
BRH:3
end_of_record
TN:
SF:src/app/core/services/user-management.service.ts
FN:25,(anonymous_0)
FN:34,(anonymous_1)
FN:41,(anonymous_2)
FN:48,(anonymous_3)
FN:55,(anonymous_4)
FN:57,(anonymous_5)
FN:63,(anonymous_6)
FN:69,(anonymous_7)
FN:73,(anonymous_8)
FN:74,(anonymous_9)
FN:77,(anonymous_10)
FN:83,(anonymous_11)
FN:85,(anonymous_12)
FN:86,(anonymous_13)
FN:89,(anonymous_14)
FN:95,(anonymous_15)
FN:99,(anonymous_16)
FN:103,(anonymous_17)
FN:106,(anonymous_18)
FN:112,(anonymous_19)
FN:116,(anonymous_20)
FN:121,(anonymous_21)
FN:126,(anonymous_22)
FN:132,(anonymous_23)
FN:136,(anonymous_24)
FN:141,(anonymous_25)
FN:146,(anonymous_26)
FN:152,(anonymous_27)
FN:156,(anonymous_28)
FN:161,(anonymous_29)
FN:166,(anonymous_30)
FN:172,(anonymous_31)
FN:176,(anonymous_32)
FN:181,(anonymous_33)
FN:186,(anonymous_34)
FN:192,(anonymous_35)
FN:196,(anonymous_36)
FN:201,(anonymous_37)
FN:206,(anonymous_38)
FN:212,(anonymous_39)
FN:216,(anonymous_40)
FN:217,(anonymous_41)
FN:220,(anonymous_42)
FN:226,(anonymous_43)
FN:230,(anonymous_44)
FN:231,(anonymous_45)
FN:234,(anonymous_46)
FN:240,(anonymous_47)
FN:242,(anonymous_48)
FN:243,(anonymous_49)
FN:246,(anonymous_50)
FN:252,(anonymous_51)
FN:256,(anonymous_52)
FN:261,(anonymous_53)
FN:266,(anonymous_54)
FNF:55
FNH:28
FNDA:7,(anonymous_0)
FNDA:5,(anonymous_1)
FNDA:3,(anonymous_2)
FNDA:3,(anonymous_3)
FNDA:3,(anonymous_4)
FNDA:2,(anonymous_5)
FNDA:1,(anonymous_6)
FNDA:4,(anonymous_7)
FNDA:1,(anonymous_8)
FNDA:1,(anonymous_9)
FNDA:2,(anonymous_10)
FNDA:2,(anonymous_11)
FNDA:1,(anonymous_12)
FNDA:1,(anonymous_13)
FNDA:2,(anonymous_14)
FNDA:0,(anonymous_15)
FNDA:0,(anonymous_16)
FNDA:0,(anonymous_17)
FNDA:0,(anonymous_18)
FNDA:2,(anonymous_19)
FNDA:1,(anonymous_20)
FNDA:1,(anonymous_21)
FNDA:2,(anonymous_22)
FNDA:2,(anonymous_23)
FNDA:1,(anonymous_24)
FNDA:1,(anonymous_25)
FNDA:2,(anonymous_26)
FNDA:2,(anonymous_27)
FNDA:1,(anonymous_28)
FNDA:1,(anonymous_29)
FNDA:2,(anonymous_30)
FNDA:0,(anonymous_31)
FNDA:0,(anonymous_32)
FNDA:0,(anonymous_33)
FNDA:0,(anonymous_34)
FNDA:0,(anonymous_35)
FNDA:0,(anonymous_36)
FNDA:0,(anonymous_37)
FNDA:0,(anonymous_38)
FNDA:3,(anonymous_39)
FNDA:0,(anonymous_40)
FNDA:0,(anonymous_41)
FNDA:0,(anonymous_42)
FNDA:0,(anonymous_43)
FNDA:0,(anonymous_44)
FNDA:0,(anonymous_45)
FNDA:0,(anonymous_46)
FNDA:0,(anonymous_47)
FNDA:0,(anonymous_48)
FNDA:0,(anonymous_49)
FNDA:0,(anonymous_50)
FNDA:0,(anonymous_51)
FNDA:0,(anonymous_52)
FNDA:0,(anonymous_53)
FNDA:0,(anonymous_54)
DA:15,1
DA:16,48
DA:17,47
DA:19,47
DA:20,47
DA:21,47
DA:23,47
DA:26,7
DA:28,1
DA:31,6
DA:35,5
DA:36,1
DA:38,4
DA:42,3
DA:43,2
DA:45,1
DA:49,3
DA:50,1
DA:52,2
DA:56,3
DA:58,2
DA:59,1
DA:61,1
DA:64,1
DA:70,4
DA:72,4
DA:73,1
DA:75,1
DA:78,2
DA:84,2
DA:85,1
DA:87,1
DA:90,2
DA:96,0
DA:98,0
DA:100,0
DA:101,0
DA:104,0
DA:107,0
DA:113,2
DA:115,2
DA:117,1
DA:118,1
DA:119,1
DA:122,1
DA:123,1
DA:124,1
DA:127,2
DA:133,2
DA:135,2
DA:137,1
DA:138,1
DA:139,1
DA:142,1
DA:143,1
DA:144,1
DA:147,2
DA:153,2
DA:155,2
DA:157,1
DA:158,1
DA:159,1
DA:162,1
DA:163,1
DA:164,1
DA:167,2
DA:173,0
DA:175,0
DA:177,0
DA:178,0
DA:179,0
DA:182,0
DA:183,0
DA:184,0
DA:187,0
DA:193,0
DA:195,0
DA:197,0
DA:198,0
DA:199,0
DA:202,0
DA:203,0
DA:204,0
DA:207,0
DA:213,3
DA:215,3
DA:216,0
DA:218,0
DA:221,0
DA:227,0
DA:229,0
DA:230,0
DA:232,0
DA:235,0
DA:241,0
DA:242,0
DA:244,0
DA:247,0
DA:253,0
DA:255,0
DA:257,0
DA:258,0
DA:259,0
DA:262,0
DA:263,0
DA:264,0
DA:267,0
LF:107
LH:62
BRDA:26,0,0,1
BRDA:26,0,1,6
BRDA:35,1,0,1
BRDA:35,1,1,4
BRDA:42,2,0,2
BRDA:42,2,1,1
BRDA:43,3,0,2
BRDA:43,3,1,1
BRDA:49,4,0,1
BRDA:49,4,1,2
BRDA:58,5,0,1
BRDA:58,5,1,1
BRF:12
BRH:12
end_of_record
TN:
SF:src/app/core/utils/custom-date-format.ts
FN:18,(anonymous_0)
FN:26,(anonymous_1)
FNF:2
FNH:0
FNDA:0,(anonymous_0)
FNDA:0,(anonymous_1)
DA:4,1
DA:17,1
DA:19,0
DA:20,0
DA:21,0
DA:23,0
DA:27,0
DA:28,0
DA:29,0
DA:30,0
DA:31,0
LF:11
LH:2
BRDA:19,0,0,0
BRDA:19,1,0,0
BRDA:19,1,1,0
BRDA:23,2,0,0
BRDA:23,2,1,0
BRDA:27,3,0,0
BRF:6
BRH:0
end_of_record
TN:
SF:src/app/core/utils/custom-headers.service.ts
FN:12,(anonymous_0)
FN:17,(anonymous_1)
FN:23,(anonymous_2)
FN:28,(anonymous_3)
FNF:4
FNH:4
FNDA:89,(anonymous_0)
FNDA:39,(anonymous_1)
FNDA:2,(anonymous_2)
FNDA:92,(anonymous_3)
DA:8,1
DA:9,161
DA:10,161
DA:13,89
DA:14,89
DA:18,39
DA:19,39
DA:20,39
DA:24,2
DA:25,2
DA:29,92
LF:11
LH:11
BRDA:19,0,0,39
BRDA:19,0,1,39
BRF:2
BRH:2
end_of_record
TN:
SF:src/app/features/account/profile/profile.component.ts
FN:54,(anonymous_0)
FN:64,(anonymous_1)
FNF:2
FNH:1
FNDA:1,(anonymous_0)
FNDA:0,(anonymous_1)
DA:29,1
DA:31,1
DA:32,1
DA:33,1
DA:37,1
DA:39,1
DA:40,1
DA:41,1
DA:42,1
DA:43,1
DA:45,1
DA:55,1
DA:57,1
DA:58,1
DA:59,1
DA:60,1
DA:65,0
DA:67,0
DA:68,0
DA:69,0
DA:72,0
DA:83,0
LF:22
LH:16
BRDA:55,0,0,1
BRDA:55,0,1,1
BRDA:57,1,0,1
BRDA:67,2,0,0
BRDA:74,3,0,0
BRDA:74,3,1,0
BRDA:75,4,0,0
BRDA:75,4,1,0
BRDA:76,5,0,0
BRDA:76,5,1,0
BRDA:80,6,0,0
BRDA:80,6,1,0
BRF:12
BRH:3
end_of_record
TN:
SF:src/app/features/auth/change-password/change-password.component.ts
FN:52,(anonymous_0)
FN:53,(anonymous_1)
FN:61,(anonymous_2)
FN:82,(anonymous_3)
FN:86,(anonymous_4)
FNF:5
FNH:0
FNDA:0,(anonymous_0)
FNDA:0,(anonymous_1)
FNDA:0,(anonymous_2)
FNDA:0,(anonymous_3)
FNDA:0,(anonymous_4)
DA:32,1
DA:33,1
DA:34,1
DA:36,1
DA:37,1
DA:38,1
DA:39,1
DA:40,0
DA:42,0
DA:43,0
DA:44,0
DA:46,0
DA:53,0
DA:54,0
DA:55,0
DA:56,0
DA:57,0
DA:62,0
DA:64,0
DA:65,0
DA:66,0
DA:69,0
DA:70,0
DA:71,0
DA:74,0
DA:75,0
DA:76,0
DA:81,0
DA:83,0
DA:84,0
DA:87,0
LF:31
LH:7
BRDA:64,0,0,0
BRDA:64,1,0,0
BRDA:64,1,1,0
BRDA:69,2,0,0
BRDA:76,3,0,0
BRDA:76,3,1,0
BRDA:77,4,0,0
BRDA:77,4,1,0
BRF:8
BRH:0
end_of_record
TN:
SF:src/app/features/auth/change-password-request/change-password-request.component.ts
FN:41,(anonymous_0)
FN:44,(anonymous_1)
FNF:2
FNH:0
FNDA:0,(anonymous_0)
FNDA:0,(anonymous_1)
DA:27,1
DA:28,1
DA:29,1
DA:30,1
DA:32,1
DA:34,1
DA:35,1
DA:42,0
DA:43,0
DA:45,0
DA:46,0
LF:11
LH:7
BRDA:43,0,0,0
BRDA:43,0,1,0
BRF:2
BRH:0
end_of_record
TN:
SF:src/app/features/auth/login/login.component.ts
FN:58,(anonymous_0)
FN:59,(anonymous_1)
FN:65,(anonymous_2)
FN:70,(anonymous_3)
FN:74,(anonymous_4)
FN:82,(anonymous_5)
FN:88,(anonymous_6)
FN:96,(anonymous_7)
FN:107,(anonymous_8)
FNF:9
FNH:3
FNDA:2,(anonymous_0)
FNDA:2,(anonymous_1)
FNDA:0,(anonymous_2)
FNDA:1,(anonymous_3)
FNDA:0,(anonymous_4)
FNDA:0,(anonymous_5)
FNDA:0,(anonymous_6)
FNDA:0,(anonymous_7)
FNDA:0,(anonymous_8)
DA:39,1
DA:41,2
DA:42,2
DA:43,2
DA:44,2
DA:45,2
DA:48,2
DA:49,2
DA:50,2
DA:55,2
DA:59,2
DA:60,2
DA:66,0
DA:67,0
DA:71,1
DA:75,0
DA:76,0
DA:77,0
DA:78,0
DA:79,0
DA:81,0
DA:83,0
DA:84,0
DA:85,0
DA:87,0
DA:89,0
DA:90,0
DA:91,0
DA:92,0
DA:97,0
DA:101,0
DA:104,0
DA:108,0
DA:112,0
LF:34
LH:13
BRDA:60,0,0,0
BRDA:75,1,0,0
BRDA:75,1,1,0
BRDA:78,2,0,0
BRDA:78,2,1,0
BRDA:79,3,0,0
BRDA:79,3,1,0
BRDA:83,4,0,0
BRDA:83,4,1,0
BRDA:84,5,0,0
BRDA:84,5,1,0
BRDA:89,6,0,0
BRDA:90,7,0,0
BRF:13
BRH:0
end_of_record
TN:
SF:src/app/features/auth/two-fa-authentication/two-fa-authentication.component.ts
FN:38,(anonymous_0)
FNF:1
FNH:0
FNDA:0,(anonymous_0)
DA:29,1
DA:30,1
DA:32,1
DA:34,1
DA:39,0
DA:41,0
DA:42,0
LF:7
LH:4
BRDA:41,0,0,0
BRF:1
BRH:0
end_of_record
TN:
SF:src/app/features/auth/two-fa-set-up/two-fa-set-up.component.ts
FN:44,(anonymous_0)
FN:57,(anonymous_1)
FN:61,(anonymous_2)
FN:65,(anonymous_3)
FN:69,(anonymous_4)
FN:78,(anonymous_5)
FN:85,(anonymous_6)
FN:87,(anonymous_7)
FN:91,(anonymous_8)
FN:97,(anonymous_9)
FN:99,(anonymous_10)
FN:103,(anonymous_11)
FN:109,(anonymous_12)
FN:113,(anonymous_13)
FN:117,(anonymous_14)
FNF:15
FNH:1
FNDA:1,(anonymous_0)
FNDA:0,(anonymous_1)
FNDA:0,(anonymous_2)
FNDA:0,(anonymous_3)
FNDA:0,(anonymous_4)
FNDA:0,(anonymous_5)
FNDA:0,(anonymous_6)
FNDA:0,(anonymous_7)
FNDA:0,(anonymous_8)
FNDA:0,(anonymous_9)
FNDA:0,(anonymous_10)
FNDA:0,(anonymous_11)
FNDA:0,(anonymous_12)
FNDA:0,(anonymous_13)
FNDA:0,(anonymous_14)
DA:32,1
DA:33,1
DA:34,1
DA:35,1
DA:36,1
DA:38,1
DA:39,1
DA:40,1
DA:43,1
DA:45,1
DA:48,1
DA:58,0
DA:62,0
DA:66,0
DA:67,0
DA:68,0
DA:70,0
DA:71,0
DA:72,0
DA:73,0
DA:74,0
DA:86,0
DA:88,0
DA:89,0
DA:98,0
DA:100,0
DA:101,0
DA:110,0
DA:114,0
DA:118,0
DA:119,0
DA:120,0
LF:32
LH:11
BRDA:66,0,0,0
BRDA:70,1,0,0
BRDA:88,2,0,0
BRDA:88,2,1,0
BRDA:118,3,0,0
BRF:5
BRH:0
end_of_record
TN:
SF:src/app/features/company/all-companies/all-companies.component.ts
FN:66,(anonymous_0)
FN:73,(anonymous_1)
FN:75,(anonymous_2)
FN:84,(anonymous_3)
FN:87,(anonymous_4)
FN:97,(anonymous_5)
FN:103,(anonymous_6)
FN:109,(anonymous_7)
FN:113,(anonymous_8)
FN:117,(anonymous_9)
FN:119,(anonymous_10)
FN:123,(anonymous_11)
FN:127,(anonymous_12)
FN:131,(anonymous_13)
FN:133,(anonymous_14)
FNF:15
FNH:2
FNDA:1,(anonymous_0)
FNDA:1,(anonymous_1)
FNDA:0,(anonymous_2)
FNDA:0,(anonymous_3)
FNDA:0,(anonymous_4)
FNDA:0,(anonymous_5)
FNDA:0,(anonymous_6)
FNDA:0,(anonymous_7)
FNDA:0,(anonymous_8)
FNDA:0,(anonymous_9)
FNDA:0,(anonymous_10)
FNDA:0,(anonymous_11)
FNDA:0,(anonymous_12)
FNDA:0,(anonymous_13)
FNDA:0,(anonymous_14)
DA:39,1
DA:41,1
DA:42,1
DA:43,1
DA:44,1
DA:45,1
DA:46,1
DA:48,1
DA:49,1
DA:50,1
DA:52,1
DA:53,1
DA:55,1
DA:56,1
DA:57,1
DA:59,1
DA:60,1
DA:62,1
DA:63,1
DA:64,1
DA:67,1
DA:69,1
DA:70,1
DA:74,1
DA:76,0
DA:77,0
DA:78,0
DA:79,0
DA:85,0
DA:87,0
DA:88,0
DA:93,0
DA:94,0
DA:98,0
DA:99,0
DA:100,0
DA:104,0
DA:105,0
DA:106,0
DA:110,0
DA:112,0
DA:113,0
DA:118,0
DA:119,0
DA:124,0
DA:128,0
DA:132,0
DA:134,0
LF:48
LH:24
BRDA:88,0,0,0
BRDA:88,0,1,0
BRDA:88,0,2,0
BRDA:88,0,3,0
BRDA:113,1,0,0
BRDA:113,1,1,0
BRDA:134,2,0,0
BRF:7
BRH:0
end_of_record
TN:
SF:src/app/features/company/company-info/company-info.component.ts
FN:28,(anonymous_0)
FNF:1
FNH:0
FNDA:0,(anonymous_0)
DA:24,1
DA:25,1
DA:26,1
DA:29,0
LF:4
LH:3
BRF:0
BRH:0
end_of_record
TN:
SF:src/app/features/company/manage-company/manage-company.component.ts
FN:66,(anonymous_0)
FN:67,(anonymous_1)
FN:89,(anonymous_2)
FN:106,(anonymous_3)
FN:110,(anonymous_4)
FNF:5
FNH:1
FNDA:3,(anonymous_0)
FNDA:0,(anonymous_1)
FNDA:0,(anonymous_2)
FNDA:0,(anonymous_3)
FNDA:0,(anonymous_4)
DA:40,1
DA:41,3
DA:42,3
DA:43,3
DA:44,3
DA:46,3
DA:47,3
DA:48,3
DA:49,3
DA:50,3
DA:51,3
DA:52,3
DA:54,3
DA:64,3
DA:67,3
DA:68,0
DA:71,0
DA:72,0
DA:73,0
DA:74,0
DA:75,0
DA:76,0
DA:77,0
DA:78,0
DA:79,0
DA:82,0
DA:84,0
DA:85,0
DA:90,0
DA:91,0
DA:102,0
DA:103,0
DA:105,0
DA:106,0
DA:109,0
DA:110,0
LF:36
LH:15
BRDA:71,0,0,0
BRDA:82,1,0,0
BRDA:102,2,0,0
BRDA:102,2,1,0
BRF:4
BRH:0
end_of_record
TN:
SF:src/app/features/home/home/home.component.ts
FN:21,(anonymous_0)
FN:22,(anonymous_1)
FNF:2
FNH:2
FNDA:1,(anonymous_0)
FNDA:1,(anonymous_1)
DA:16,1
DA:17,1
DA:18,1
DA:19,1
DA:22,1
DA:23,1
DA:24,1
DA:25,1
LF:8
LH:8
BRF:0
BRH:0
end_of_record
TN:
SF:src/app/features/reports/global-report/global-report.component.ts
FN:110,(anonymous_0)
FN:115,(anonymous_1)
FN:119,(anonymous_2)
FN:124,(anonymous_3)
FN:136,(anonymous_4)
FN:146,(anonymous_5)
FN:147,(anonymous_6)
FN:155,(anonymous_7)
FN:158,(anonymous_8)
FN:159,(anonymous_9)
FN:167,(anonymous_10)
FN:174,(anonymous_11)
FN:180,(anonymous_12)
FN:198,(anonymous_13)
FN:216,(anonymous_14)
FN:218,(anonymous_15)
FN:222,(anonymous_16)
FN:224,(anonymous_17)
FN:227,(anonymous_18)
FN:228,(anonymous_19)
FN:234,(anonymous_20)
FNF:21
FNH:2
FNDA:1,(anonymous_0)
FNDA:1,(anonymous_1)
FNDA:0,(anonymous_2)
FNDA:0,(anonymous_3)
FNDA:0,(anonymous_4)
FNDA:0,(anonymous_5)
FNDA:0,(anonymous_6)
FNDA:0,(anonymous_7)
FNDA:0,(anonymous_8)
FNDA:0,(anonymous_9)
FNDA:0,(anonymous_10)
FNDA:0,(anonymous_11)
FNDA:0,(anonymous_12)
FNDA:0,(anonymous_13)
FNDA:0,(anonymous_14)
FNDA:0,(anonymous_15)
FNDA:0,(anonymous_16)
FNDA:0,(anonymous_17)
FNDA:0,(anonymous_18)
FNDA:0,(anonymous_19)
FNDA:0,(anonymous_20)
DA:46,1
DA:47,1
DA:48,1
DA:49,1
DA:50,1
DA:52,1
DA:54,1
DA:55,1
DA:57,1
DA:58,1
DA:59,1
DA:60,1
DA:62,1
DA:67,1
DA:80,1
DA:93,1
DA:106,1
DA:107,1
DA:108,1
DA:112,1
DA:121,0
DA:125,0
DA:127,0
DA:128,0
DA:129,0
DA:130,0
DA:131,0
DA:132,0
DA:133,0
DA:135,0
DA:138,0
DA:139,0
DA:140,0
DA:141,0
DA:143,0
DA:146,0
DA:147,0
DA:150,0
DA:151,0
DA:154,0
DA:155,0
DA:156,0
DA:158,0
DA:159,0
DA:161,0
DA:163,0
DA:165,0
DA:168,0
DA:169,0
DA:175,0
DA:176,0
DA:177,0
DA:181,0
DA:182,0
DA:184,0
DA:185,0
DA:186,0
DA:199,0
DA:200,0
DA:202,0
DA:203,0
DA:204,0
DA:217,0
DA:218,0
DA:219,0
DA:223,0
DA:224,0
DA:228,0
DA:229,0
DA:230,0
DA:235,0
DA:236,0
DA:239,0
DA:240,0
DA:241,0
LF:75
LH:20
BRDA:139,0,0,0
BRDA:139,0,1,0
BRDA:141,1,0,0
BRDA:141,1,1,0
BRDA:181,2,0,0
BRDA:185,3,0,0
BRDA:199,4,0,0
BRDA:203,5,0,0
BRDA:217,6,0,0
BRDA:223,7,0,0
BRDA:224,8,0,0
BRDA:224,8,1,0
BRDA:229,9,0,0
BRDA:229,9,1,0
BRDA:235,10,0,0
BRDA:240,11,0,0
BRF:16
BRH:0
end_of_record
TN:
SF:src/app/features/reports/technician/performance-report/performance-report.component.ts
FN:110,(anonymous_0)
FN:115,(anonymous_1)
FN:119,(anonymous_2)
FN:126,(anonymous_3)
FN:145,(anonymous_4)
FN:167,(anonymous_5)
FN:168,(anonymous_6)
FN:175,(anonymous_7)
FN:182,(anonymous_8)
FN:188,(anonymous_9)
FN:205,(anonymous_10)
FN:223,(anonymous_11)
FNF:12
FNH:2
FNDA:1,(anonymous_0)
FNDA:1,(anonymous_1)
FNDA:0,(anonymous_2)
FNDA:0,(anonymous_3)
FNDA:0,(anonymous_4)
FNDA:0,(anonymous_5)
FNDA:0,(anonymous_6)
FNDA:0,(anonymous_7)
FNDA:0,(anonymous_8)
FNDA:0,(anonymous_9)
FNDA:0,(anonymous_10)
FNDA:0,(anonymous_11)
DA:44,1
DA:45,1
DA:47,1
DA:48,1
DA:49,1
DA:50,1
DA:52,1
DA:53,1
DA:54,1
DA:55,1
DA:57,1
DA:62,1
DA:64,1
DA:77,1
DA:90,1
DA:104,1
DA:105,1
DA:106,1
DA:108,1
DA:112,1
DA:116,1
DA:120,0
DA:121,0
DA:122,0
DA:127,0
DA:129,0
DA:132,0
DA:136,0
DA:137,0
DA:138,0
DA:139,0
DA:140,0
DA:141,0
DA:142,0
DA:144,0
DA:147,0
DA:148,0
DA:149,0
DA:150,0
DA:151,0
DA:152,0
DA:154,0
DA:157,0
DA:162,0
DA:167,0
DA:168,0
DA:171,0
DA:172,0
DA:173,0
DA:176,0
DA:177,0
DA:183,0
DA:184,0
DA:185,0
DA:189,0
DA:190,0
DA:192,0
DA:193,0
DA:194,0
DA:206,0
DA:207,0
DA:209,0
DA:210,0
DA:211,0
DA:224,0
DA:225,0
DA:228,0
DA:229,0
DA:230,0
LF:69
LH:21
BRDA:121,0,0,0
BRDA:129,1,0,0
BRDA:129,1,1,0
BRDA:132,2,0,0
BRDA:132,2,1,0
BRDA:151,3,0,0
BRDA:151,3,1,0
BRDA:152,4,0,0
BRDA:152,4,1,0
BRDA:189,5,0,0
BRDA:193,6,0,0
BRDA:206,7,0,0
BRDA:210,8,0,0
BRDA:224,9,0,0
BRDA:229,10,0,0
BRF:15
BRH:0
end_of_record
TN:
SF:src/app/features/reports/technician/report-by-technician/report-by-technician.component.ts
FN:59,(anonymous_0)
FN:63,(anonymous_1)
FN:65,(anonymous_2)
FN:74,(anonymous_3)
FN:78,(anonymous_4)
FN:79,(anonymous_5)
FN:82,(anonymous_6)
FN:85,(anonymous_7)
FN:94,(anonymous_8)
FN:100,(anonymous_9)
FN:106,(anonymous_10)
FN:108,(anonymous_11)
FNF:12
FNH:2
FNDA:1,(anonymous_0)
FNDA:1,(anonymous_1)
FNDA:0,(anonymous_2)
FNDA:0,(anonymous_3)
FNDA:0,(anonymous_4)
FNDA:0,(anonymous_5)
FNDA:0,(anonymous_6)
FNDA:0,(anonymous_7)
FNDA:0,(anonymous_8)
FNDA:0,(anonymous_9)
FNDA:0,(anonymous_10)
FNDA:0,(anonymous_11)
DA:36,1
DA:37,1
DA:38,1
DA:39,1
DA:40,1
DA:41,1
DA:42,1
DA:43,1
DA:45,1
DA:46,1
DA:48,1
DA:49,1
DA:51,1
DA:52,1
DA:53,1
DA:55,1
DA:56,1
DA:57,1
DA:60,1
DA:64,1
DA:66,0
DA:67,0
DA:68,0
DA:69,0
DA:75,0
DA:79,0
DA:83,0
DA:85,0
DA:86,0
DA:90,0
DA:91,0
DA:95,0
DA:96,0
DA:97,0
DA:101,0
DA:102,0
DA:103,0
DA:107,0
DA:109,0
LF:39
LH:20
BRDA:86,0,0,0
BRDA:86,0,1,0
BRDA:86,0,2,0
BRDA:109,1,0,0
BRF:4
BRH:0
end_of_record
TN:
SF:src/app/features/service-contracts/service-contract-term/all-service-contract-terms/all-service-contract-terms.component.ts
FN:59,(anonymous_0)
FN:63,(anonymous_1)
FN:65,(anonymous_2)
FN:74,(anonymous_3)
FN:77,(anonymous_4)
FN:85,(anonymous_5)
FN:91,(anonymous_6)
FN:97,(anonymous_7)
FN:101,(anonymous_8)
FN:105,(anonymous_9)
FN:107,(anonymous_10)
FN:111,(anonymous_11)
FN:115,(anonymous_12)
FN:117,(anonymous_13)
FNF:14
FNH:2
FNDA:1,(anonymous_0)
FNDA:1,(anonymous_1)
FNDA:0,(anonymous_2)
FNDA:0,(anonymous_3)
FNDA:0,(anonymous_4)
FNDA:0,(anonymous_5)
FNDA:0,(anonymous_6)
FNDA:0,(anonymous_7)
FNDA:0,(anonymous_8)
FNDA:0,(anonymous_9)
FNDA:0,(anonymous_10)
FNDA:0,(anonymous_11)
FNDA:0,(anonymous_12)
FNDA:0,(anonymous_13)
DA:38,1
DA:39,1
DA:40,1
DA:41,1
DA:42,1
DA:43,1
DA:45,1
DA:46,1
DA:48,1
DA:49,1
DA:51,1
DA:52,1
DA:53,1
DA:55,1
DA:56,1
DA:57,1
DA:60,1
DA:64,1
DA:66,0
DA:67,0
DA:68,0
DA:69,0
DA:75,0
DA:77,0
DA:78,0
DA:81,0
DA:82,0
DA:86,0
DA:87,0
DA:88,0
DA:92,0
DA:93,0
DA:94,0
DA:98,0
DA:100,0
DA:101,0
DA:106,0
DA:107,0
DA:112,0
DA:116,0
DA:118,0
LF:41
LH:18
BRDA:78,0,0,0
BRDA:78,0,1,0
BRDA:101,1,0,0
BRDA:101,1,1,0
BRDA:118,2,0,0
BRF:5
BRH:0
end_of_record
TN:
SF:src/app/features/service-contracts/service-contract-term/manage-service-contract-term/manage-service-contract-term.component.ts
FN:55,(anonymous_0)
FN:56,(anonymous_1)
FN:67,(anonymous_2)
FN:79,(anonymous_3)
FN:85,(anonymous_4)
FNF:5
FNH:1
FNDA:2,(anonymous_0)
FNDA:0,(anonymous_1)
FNDA:0,(anonymous_2)
FNDA:0,(anonymous_3)
FNDA:0,(anonymous_4)
DA:39,1
DA:40,2
DA:42,2
DA:43,2
DA:45,2
DA:46,2
DA:48,2
DA:53,2
DA:56,2
DA:57,0
DA:60,0
DA:61,0
DA:62,0
DA:63,0
DA:68,0
DA:69,0
DA:75,0
DA:76,0
DA:78,0
DA:79,0
DA:84,0
DA:85,0
LF:22
LH:9
BRDA:60,0,0,0
BRDA:75,1,0,0
BRDA:75,1,1,0
BRF:3
BRH:0
end_of_record
TN:
SF:src/app/features/service-contracts/service-contract/all-service-contracts/all-service-contracts.component.ts
FN:74,(anonymous_0)
FN:81,(anonymous_1)
FN:86,(anonymous_2)
FN:96,(anonymous_3)
FN:100,(anonymous_4)
FN:104,(anonymous_5)
FN:108,(anonymous_6)
FN:115,(anonymous_7)
FN:125,(anonymous_8)
FN:131,(anonymous_9)
FN:137,(anonymous_10)
FN:145,(anonymous_11)
FN:152,(anonymous_12)
FN:156,(anonymous_13)
FN:162,(anonymous_14)
FN:166,(anonymous_15)
FN:170,(anonymous_16)
FN:176,(anonymous_17)
FN:182,(anonymous_18)
FN:189,(anonymous_19)
FN:193,(anonymous_20)
FN:201,(anonymous_21)
FNF:22
FNH:2
FNDA:1,(anonymous_0)
FNDA:1,(anonymous_1)
FNDA:0,(anonymous_2)
FNDA:0,(anonymous_3)
FNDA:0,(anonymous_4)
FNDA:0,(anonymous_5)
FNDA:0,(anonymous_6)
FNDA:0,(anonymous_7)
FNDA:0,(anonymous_8)
FNDA:0,(anonymous_9)
FNDA:0,(anonymous_10)
FNDA:0,(anonymous_11)
FNDA:0,(anonymous_12)
FNDA:0,(anonymous_13)
FNDA:0,(anonymous_14)
FNDA:0,(anonymous_15)
FNDA:0,(anonymous_16)
FNDA:0,(anonymous_17)
FNDA:0,(anonymous_18)
FNDA:0,(anonymous_19)
FNDA:0,(anonymous_20)
FNDA:0,(anonymous_21)
DA:45,1
DA:48,1
DA:49,1
DA:50,1
DA:51,1
DA:53,1
DA:54,1
DA:55,1
DA:57,1
DA:58,1
DA:60,1
DA:61,1
DA:62,1
DA:64,1
DA:65,1
DA:66,1
DA:68,1
DA:70,1
DA:71,1
DA:72,1
DA:75,1
DA:76,1
DA:77,1
DA:78,1
DA:82,1
DA:84,1
DA:87,0
DA:88,0
DA:89,0
DA:90,0
DA:97,0
DA:101,0
DA:106,0
DA:107,0
DA:109,0
DA:115,0
DA:116,0
DA:117,0
DA:118,0
DA:121,0
DA:122,0
DA:126,0
DA:127,0
DA:128,0
DA:132,0
DA:133,0
DA:134,0
DA:138,0
DA:142,0
DA:146,0
DA:153,0
DA:157,0
DA:163,0
DA:167,0
DA:171,0
DA:175,0
DA:177,0
DA:183,0
DA:186,0
DA:190,0
DA:192,0
DA:194,0
DA:195,0
DA:202,0
DA:207,0
LF:65
LH:26
BRDA:82,0,0,0
BRDA:82,0,1,1
BRDA:109,1,0,0
BRDA:109,1,1,0
BRDA:109,1,2,0
BRDA:109,1,3,0
BRDA:118,2,0,0
BRDA:118,2,1,0
BRDA:146,3,0,0
BRDA:146,3,1,0
BRDA:173,4,0,0
BRDA:173,4,1,0
BRDA:177,5,0,0
BRDA:184,6,0,0
BRDA:184,6,1,0
BRDA:194,7,0,0
BRF:16
BRH:1
end_of_record
TN:
SF:src/app/features/service-contracts/service-contract/manage-service-contract/manage-service-contract.component.ts
FN:70,(anonymous_0)
FN:71,(anonymous_1)
FN:91,(anonymous_2)
FN:95,(anonymous_3)
FN:104,(anonymous_4)
FN:120,(anonymous_5)
FN:128,(anonymous_6)
FNF:7
FNH:1
FNDA:2,(anonymous_0)
FNDA:0,(anonymous_1)
FNDA:0,(anonymous_2)
FNDA:0,(anonymous_3)
FNDA:0,(anonymous_4)
FNDA:0,(anonymous_5)
FNDA:0,(anonymous_6)
DA:45,1
DA:46,2
DA:47,2
DA:48,2
DA:49,2
DA:51,2
DA:52,2
DA:54,2
DA:55,2
DA:56,2
DA:58,2
DA:64,2
DA:65,2
DA:66,2
DA:67,2
DA:71,2
DA:72,0
DA:75,2
DA:76,2
DA:77,2
DA:78,2
DA:79,2
DA:82,2
DA:83,2
DA:86,2
DA:92,0
DA:96,0
DA:97,0
DA:98,0
DA:99,0
DA:105,0
DA:106,0
DA:116,0
DA:117,0
DA:119,0
DA:121,0
DA:127,0
DA:129,0
LF:38
LH:24
BRDA:75,0,0,2
BRDA:82,1,0,2
BRDA:116,2,0,0
BRDA:116,2,1,0
BRF:4
BRH:2
end_of_record
TN:
SF:src/app/features/service-contracts/service-contract/service-contract-info/service-contract-info.component.ts
FN:30,(anonymous_0)
FNF:1
FNH:1
FNDA:1,(anonymous_0)
DA:26,1
DA:27,3
DA:28,3
DA:31,1
LF:4
LH:4
BRF:0
BRH:0
end_of_record
TN:
SF:src/app/features/service-contracts/service-contract/service-request/service-request.component.ts
FN:64,(anonymous_0)
FN:65,(anonymous_1)
FN:73,(anonymous_2)
FN:77,(anonymous_3)
FN:85,(anonymous_4)
FN:94,(anonymous_5)
FNF:6
FNH:0
FNDA:0,(anonymous_0)
FNDA:0,(anonymous_1)
FNDA:0,(anonymous_2)
FNDA:0,(anonymous_3)
FNDA:0,(anonymous_4)
FNDA:0,(anonymous_5)
DA:45,1
DA:46,1
DA:47,0
DA:48,0
DA:50,0
DA:51,0
DA:53,0
DA:54,0
DA:56,0
DA:61,0
DA:62,0
DA:65,0
DA:66,0
DA:69,0
DA:74,0
DA:78,0
DA:79,0
DA:80,0
DA:86,0
DA:87,0
DA:93,0
DA:95,0
LF:22
LH:2
BRF:0
BRH:0
end_of_record
TN:
SF:src/app/features/services/service-category/all-service-categories/all-service-categories.component.ts
FN:59,(anonymous_0)
FN:63,(anonymous_1)
FN:65,(anonymous_2)
FN:74,(anonymous_3)
FN:77,(anonymous_4)
FN:84,(anonymous_5)
FN:90,(anonymous_6)
FN:96,(anonymous_7)
FN:104,(anonymous_8)
FN:113,(anonymous_9)
FN:117,(anonymous_10)
FN:123,(anonymous_11)
FN:127,(anonymous_12)
FN:129,(anonymous_13)
FNF:14
FNH:2
FNDA:1,(anonymous_0)
FNDA:1,(anonymous_1)
FNDA:0,(anonymous_2)
FNDA:0,(anonymous_3)
FNDA:0,(anonymous_4)
FNDA:0,(anonymous_5)
FNDA:0,(anonymous_6)
FNDA:0,(anonymous_7)
FNDA:0,(anonymous_8)
FNDA:0,(anonymous_9)
FNDA:0,(anonymous_10)
FNDA:0,(anonymous_11)
FNDA:0,(anonymous_12)
FNDA:0,(anonymous_13)
DA:39,1
DA:40,1
DA:41,1
DA:42,1
DA:43,1
DA:45,1
DA:46,1
DA:48,1
DA:49,1
DA:51,1
DA:52,1
DA:53,1
DA:55,1
DA:56,1
DA:57,1
DA:60,1
DA:64,1
DA:66,0
DA:67,0
DA:68,0
DA:69,0
DA:75,0
DA:77,0
DA:78,0
DA:80,0
DA:81,0
DA:85,0
DA:86,0
DA:87,0
DA:91,0
DA:92,0
DA:93,0
DA:97,0
DA:101,0
DA:105,0
DA:114,0
DA:118,0
DA:124,0
DA:128,0
DA:130,0
LF:40
LH:17
BRDA:105,0,0,0
BRDA:105,0,1,0
BRDA:130,1,0,0
BRF:3
BRH:0
end_of_record
TN:
SF:src/app/features/services/service-category/manage-service-category/manage-service-category.component.ts
FN:44,(anonymous_0)
FN:45,(anonymous_1)
FN:55,(anonymous_2)
FN:66,(anonymous_3)
FN:70,(anonymous_4)
FNF:5
FNH:4
FNDA:4,(anonymous_0)
FNDA:0,(anonymous_1)
FNDA:2,(anonymous_2)
FNDA:1,(anonymous_3)
FNDA:1,(anonymous_4)
DA:31,1
DA:32,4
DA:33,4
DA:34,4
DA:36,4
DA:38,4
DA:42,4
DA:45,4
DA:46,0
DA:49,4
DA:50,4
DA:51,4
DA:56,2
DA:57,2
DA:62,2
DA:63,1
DA:65,1
DA:66,1
DA:69,1
DA:70,1
LF:20
LH:19
BRDA:49,0,0,4
BRDA:62,1,0,1
BRDA:62,1,1,1
BRF:3
BRH:3
end_of_record
TN:
SF:src/app/features/services/service-tax/all-service-taxes/all-service-taxes.component.ts
FN:59,(anonymous_0)
FN:63,(anonymous_1)
FN:65,(anonymous_2)
FN:74,(anonymous_3)
FN:77,(anonymous_4)
FN:85,(anonymous_5)
FN:91,(anonymous_6)
FN:97,(anonymous_7)
FN:101,(anonymous_8)
FN:109,(anonymous_9)
FN:111,(anonymous_10)
FN:115,(anonymous_11)
FN:119,(anonymous_12)
FN:121,(anonymous_13)
FNF:14
FNH:2
FNDA:1,(anonymous_0)
FNDA:1,(anonymous_1)
FNDA:0,(anonymous_2)
FNDA:0,(anonymous_3)
FNDA:0,(anonymous_4)
FNDA:0,(anonymous_5)
FNDA:0,(anonymous_6)
FNDA:0,(anonymous_7)
FNDA:0,(anonymous_8)
FNDA:0,(anonymous_9)
FNDA:0,(anonymous_10)
FNDA:0,(anonymous_11)
FNDA:0,(anonymous_12)
FNDA:0,(anonymous_13)
DA:39,1
DA:40,1
DA:41,1
DA:42,1
DA:43,1
DA:45,1
DA:46,1
DA:48,1
DA:49,1
DA:51,1
DA:52,1
DA:53,1
DA:55,1
DA:56,1
DA:57,1
DA:60,1
DA:64,1
DA:66,0
DA:67,0
DA:68,0
DA:69,0
DA:75,0
DA:77,0
DA:78,0
DA:81,0
DA:82,0
DA:86,0
DA:87,0
DA:88,0
DA:92,0
DA:93,0
DA:94,0
DA:98,0
DA:100,0
DA:102,0
DA:110,0
DA:111,0
DA:116,0
DA:120,0
DA:122,0
LF:40
LH:17
BRDA:78,0,0,0
BRDA:78,0,1,0
BRDA:102,1,0,0
BRDA:102,1,1,0
BRDA:122,2,0,0
BRF:5
BRH:0
end_of_record
TN:
SF:src/app/features/services/service-tax/manage-service-tax/manage-service-tax.component.ts
FN:49,(anonymous_0)
FN:50,(anonymous_1)
FN:61,(anonymous_2)
FN:73,(anonymous_3)
FN:77,(anonymous_4)
FNF:5
FNH:4
FNDA:4,(anonymous_0)
FNDA:0,(anonymous_1)
FNDA:2,(anonymous_2)
FNDA:1,(anonymous_3)
FNDA:1,(anonymous_4)
DA:34,1
DA:35,4
DA:36,4
DA:37,4
DA:39,4
DA:40,4
DA:42,4
DA:47,4
DA:50,4
DA:51,0
DA:54,4
DA:55,4
DA:56,4
DA:57,4
DA:62,2
DA:63,2
DA:69,2
DA:70,1
DA:72,1
DA:73,1
DA:76,1
DA:77,1
LF:22
LH:21
BRDA:54,0,0,4
BRDA:69,1,0,1
BRDA:69,1,1,1
BRF:3
BRH:3
end_of_record
TN:
SF:src/app/features/services/service/all-services/all-services.component.ts
FN:61,(anonymous_0)
FN:67,(anonymous_1)
FN:69,(anonymous_2)
FN:78,(anonymous_3)
FN:81,(anonymous_4)
FN:91,(anonymous_5)
FN:97,(anonymous_6)
FN:103,(anonymous_7)
FN:107,(anonymous_8)
FN:115,(anonymous_9)
FN:117,(anonymous_10)
FN:123,(anonymous_11)
FN:128,(anonymous_12)
FN:132,(anonymous_13)
FN:134,(anonymous_14)
FNF:15
FNH:2
FNDA:1,(anonymous_0)
FNDA:1,(anonymous_1)
FNDA:0,(anonymous_2)
FNDA:0,(anonymous_3)
FNDA:0,(anonymous_4)
FNDA:0,(anonymous_5)
FNDA:0,(anonymous_6)
FNDA:0,(anonymous_7)
FNDA:0,(anonymous_8)
FNDA:0,(anonymous_9)
FNDA:0,(anonymous_10)
FNDA:0,(anonymous_11)
FNDA:0,(anonymous_12)
FNDA:0,(anonymous_13)
FNDA:0,(anonymous_14)
DA:39,1
DA:40,1
DA:41,1
DA:42,1
DA:43,1
DA:45,1
DA:46,1
DA:47,1
DA:49,1
DA:50,1
DA:52,1
DA:53,1
DA:54,1
DA:56,1
DA:57,1
DA:58,1
DA:59,1
DA:62,1
DA:64,1
DA:68,1
DA:70,0
DA:71,0
DA:72,0
DA:73,0
DA:79,0
DA:81,0
DA:82,0
DA:87,0
DA:88,0
DA:92,0
DA:93,0
DA:94,0
DA:98,0
DA:99,0
DA:100,0
DA:104,0
DA:106,0
DA:108,0
DA:116,0
DA:118,0
DA:124,0
DA:129,0
DA:133,0
DA:135,0
LF:44
LH:20
BRDA:82,0,0,0
BRDA:82,0,1,0
BRDA:82,0,2,0
BRDA:82,0,3,0
BRDA:108,1,0,0
BRDA:108,1,1,0
BRDA:135,2,0,0
BRF:7
BRH:0
end_of_record
TN:
SF:src/app/features/services/service/manage-service/manage-service.component.ts
FN:74,(anonymous_0)
FN:75,(anonymous_1)
FN:92,(anonymous_2)
FN:96,(anonymous_3)
FN:105,(anonymous_4)
FN:122,(anonymous_5)
FN:126,(anonymous_6)
FNF:7
FNH:1
FNDA:7,(anonymous_0)
FNDA:0,(anonymous_1)
FNDA:0,(anonymous_2)
FNDA:0,(anonymous_3)
FNDA:0,(anonymous_4)
FNDA:0,(anonymous_5)
FNDA:0,(anonymous_6)
DA:49,1
DA:50,7
DA:51,7
DA:53,7
DA:54,7
DA:56,7
DA:57,7
DA:58,7
DA:59,7
DA:60,7
DA:62,7
DA:70,7
DA:71,7
DA:72,7
DA:75,7
DA:76,0
DA:79,0
DA:80,0
DA:81,0
DA:82,0
DA:83,0
DA:84,0
DA:85,0
DA:88,0
DA:93,0
DA:97,0
DA:98,0
DA:100,0
DA:106,0
DA:107,0
DA:118,0
DA:119,0
DA:121,0
DA:122,0
DA:125,0
DA:126,0
LF:36
LH:15
BRDA:79,0,0,0
BRDA:118,1,0,0
BRDA:118,1,1,0
BRF:3
BRH:0
end_of_record
TN:
SF:src/app/features/services/service/service-info/service-info.component.ts
FN:30,(anonymous_0)
FNF:1
FNH:1
FNDA:1,(anonymous_0)
DA:26,1
DA:27,3
DA:28,3
DA:31,1
LF:4
LH:4
BRF:0
BRH:0
end_of_record
TN:
SF:src/app/features/settings/ai/ai-manage-classifiers/ai-manage-classifiers.component.ts
FN:60,(anonymous_0)
FN:61,(anonymous_1)
FN:65,(anonymous_2)
FN:66,(anonymous_3)
FN:70,(anonymous_4)
FN:75,(anonymous_5)
FN:78,(anonymous_6)
FNF:7
FNH:0
FNDA:0,(anonymous_0)
FNDA:0,(anonymous_1)
FNDA:0,(anonymous_2)
FNDA:0,(anonymous_3)
FNDA:0,(anonymous_4)
FNDA:0,(anonymous_5)
FNDA:0,(anonymous_6)
DA:40,1
DA:41,1
DA:42,1
DA:43,1
DA:44,1
DA:46,1
DA:47,1
DA:49,0
DA:50,0
DA:52,0
DA:53,0
DA:55,0
DA:61,0
DA:62,0
DA:65,0
DA:66,0
DA:71,0
DA:73,0
DA:74,0
DA:76,0
DA:77,0
DA:78,0
LF:22
LH:7
BRDA:76,0,0,0
BRDA:77,1,0,0
BRDA:77,1,1,0
BRDA:77,2,0,0
BRDA:77,2,1,0
BRF:5
BRH:0
end_of_record
TN:
SF:src/app/features/settings/ai/ai-settings/ai-settings.component.ts
FN:37,(anonymous_0)
FN:39,(anonymous_1)
FN:46,(anonymous_2)
FNF:3
FNH:1
FNDA:1,(anonymous_0)
FNDA:0,(anonymous_1)
FNDA:0,(anonymous_2)
DA:28,1
DA:29,1
DA:31,1
DA:32,1
DA:33,1
DA:35,1
DA:38,1
DA:40,0
DA:41,0
DA:47,0
DA:48,0
LF:11
LH:7
BRDA:47,0,0,0
BRF:1
BRH:0
end_of_record
TN:
SF:src/app/features/settings/email/email-interval/all-email-intervals/all-email-intervals.component.ts
FN:54,(anonymous_0)
FN:58,(anonymous_1)
FN:60,(anonymous_2)
FN:69,(anonymous_3)
FN:72,(anonymous_4)
FN:81,(anonymous_5)
FN:87,(anonymous_6)
FN:93,(anonymous_7)
FN:97,(anonymous_8)
FN:105,(anonymous_9)
FN:107,(anonymous_10)
FN:111,(anonymous_11)
FN:115,(anonymous_12)
FN:117,(anonymous_13)
FNF:14
FNH:2
FNDA:1,(anonymous_0)
FNDA:1,(anonymous_1)
FNDA:0,(anonymous_2)
FNDA:0,(anonymous_3)
FNDA:0,(anonymous_4)
FNDA:0,(anonymous_5)
FNDA:0,(anonymous_6)
FNDA:0,(anonymous_7)
FNDA:0,(anonymous_8)
FNDA:0,(anonymous_9)
FNDA:0,(anonymous_10)
FNDA:0,(anonymous_11)
FNDA:0,(anonymous_12)
FNDA:0,(anonymous_13)
DA:34,1
DA:35,1
DA:36,1
DA:37,1
DA:38,1
DA:40,1
DA:41,1
DA:43,1
DA:44,1
DA:46,1
DA:47,1
DA:48,1
DA:50,1
DA:51,1
DA:52,1
DA:55,1
DA:59,1
DA:61,0
DA:62,0
DA:63,0
DA:64,0
DA:70,0
DA:72,0
DA:73,0
DA:77,0
DA:78,0
DA:82,0
DA:83,0
DA:84,0
DA:88,0
DA:89,0
DA:90,0
DA:94,0
DA:96,0
DA:98,0
DA:106,0
DA:107,0
DA:112,0
DA:116,0
DA:118,0
LF:40
LH:17
BRDA:73,0,0,0
BRDA:73,0,1,0
BRDA:98,1,0,0
BRDA:98,1,1,0
BRDA:118,2,0,0
BRF:5
BRH:0
end_of_record
TN:
SF:src/app/features/settings/email/email-interval/manage-email-interval/manage-email-interval.component.ts
FN:59,(anonymous_0)
FN:60,(anonymous_1)
FN:72,(anonymous_2)
FN:74,(anonymous_3)
FN:76,(anonymous_4)
FN:83,(anonymous_5)
FN:96,(anonymous_6)
FN:100,(anonymous_7)
FNF:8
FNH:0
FNDA:0,(anonymous_0)
FNDA:0,(anonymous_1)
FNDA:0,(anonymous_2)
FNDA:0,(anonymous_3)
FNDA:0,(anonymous_4)
FNDA:0,(anonymous_5)
FNDA:0,(anonymous_6)
FNDA:0,(anonymous_7)
DA:41,1
DA:42,1
DA:43,1
DA:45,1
DA:46,0
DA:48,0
DA:49,0
DA:50,0
DA:51,0
DA:53,0
DA:60,0
DA:61,0
DA:64,0
DA:66,0
DA:67,0
DA:68,0
DA:73,0
DA:75,0
DA:76,0
DA:77,0
DA:78,0
DA:84,0
DA:85,0
DA:92,0
DA:93,0
DA:95,0
DA:96,0
DA:99,0
DA:100,0
LF:29
LH:4
BRDA:66,0,0,0
BRDA:77,1,0,0
BRDA:77,1,1,0
BRDA:92,2,0,0
BRDA:92,2,1,0
BRF:5
BRH:0
end_of_record
TN:
SF:src/app/features/settings/email/email-parameters/email-parameters.component.ts
FN:24,(anonymous_0)
FN:28,(anonymous_1)
FN:44,(anonymous_2)
FN:50,(anonymous_3)
FNF:4
FNH:0
FNDA:0,(anonymous_0)
FNDA:0,(anonymous_1)
FNDA:0,(anonymous_2)
FNDA:0,(anonymous_3)
DA:18,1
DA:19,1
DA:20,0
DA:21,0
DA:22,0
DA:25,0
DA:29,0
DA:30,0
DA:31,0
DA:32,0
DA:33,0
DA:35,0
DA:36,0
DA:37,0
DA:38,0
DA:39,0
DA:41,0
DA:45,0
DA:51,0
DA:52,0
LF:20
LH:2
BRDA:51,0,0,0
BRDA:52,1,0,0
BRF:2
BRH:0
end_of_record
TN:
SF:src/app/features/settings/email/email-settings/email-settings.component.ts
[...]
BRDA:298,6,0,0
BRDA:305,7,0,0
BRDA:312,8,0,0
BRDA:319,9,0,0
BRDA:326,10,0,0
BRDA:333,11,0,0
BRDA:340,12,0,0
BRDA:347,13,0,0
BRDA:354,14,0,0
BRDA:361,15,0,0
BRDA:368,16,0,0
BRF:34
BRH:0
end_of_record
TN:
SF:src/app/features/settings/survey/all-survey-questions/all-survey-questions.component.ts
FN:51,(anonymous_0)
FN:55,(anonymous_1)
FN:57,(anonymous_2)
FN:66,(anonymous_3)
FN:69,(anonymous_4)
FN:77,(anonymous_5)
FN:83,(anonymous_6)
FN:89,(anonymous_7)
FN:93,(anonymous_8)
FN:101,(anonymous_9)
FN:103,(anonymous_10)
FN:107,(anonymous_11)
FN:111,(anonymous_12)
FN:113,(anonymous_13)
FNF:14
FNH:2
FNDA:1,(anonymous_0)
FNDA:1,(anonymous_1)
FNDA:0,(anonymous_2)
FNDA:0,(anonymous_3)
FNDA:0,(anonymous_4)
FNDA:0,(anonymous_5)
FNDA:0,(anonymous_6)
FNDA:0,(anonymous_7)
FNDA:0,(anonymous_8)
FNDA:0,(anonymous_9)
FNDA:0,(anonymous_10)
FNDA:0,(anonymous_11)
FNDA:0,(anonymous_12)
FNDA:0,(anonymous_13)
DA:31,1
DA:32,1
DA:33,1
DA:34,1
DA:35,1
DA:37,1
DA:38,1
DA:40,1
DA:41,1
DA:43,1
DA:44,1
DA:45,1
DA:47,1
DA:48,1
DA:49,1
DA:52,1
DA:56,1
DA:58,0
DA:59,0
DA:60,0
DA:61,0
DA:67,0
DA:69,0
DA:70,0
DA:73,0
DA:74,0
DA:78,0
DA:79,0
DA:80,0
DA:84,0
DA:85,0
DA:86,0
DA:90,0
DA:92,0
DA:94,0
DA:102,0
DA:103,0
DA:108,0
DA:112,0
DA:114,0
LF:40
LH:17
BRDA:94,0,0,0
BRDA:94,0,1,0
BRDA:114,1,0,0
BRF:3
BRH:0
end_of_record
TN:
SF:src/app/features/settings/survey/manage-survey-question/manage-survey-question.component.ts
FN:57,(anonymous_0)
FN:58,(anonymous_1)
FN:71,(anonymous_2)
FN:84,(anonymous_3)
FN:88,(anonymous_4)
FNF:5
FNH:0
FNDA:0,(anonymous_0)
FNDA:0,(anonymous_1)
FNDA:0,(anonymous_2)
FNDA:0,(anonymous_3)
FNDA:0,(anonymous_4)
DA:40,1
DA:41,0
DA:42,0
DA:44,0
DA:45,0
DA:47,0
DA:48,0
DA:50,0
DA:55,0
DA:58,0
DA:59,0
DA:62,0
DA:63,0
DA:64,0
DA:72,0
DA:73,0
DA:74,0
DA:80,0
DA:81,0
DA:83,0
DA:84,0
DA:87,0
DA:88,0
LF:23
LH:1
BRDA:62,0,0,0
BRDA:77,1,0,0
BRDA:77,1,1,0
BRDA:80,2,0,0
BRDA:80,2,1,0
BRF:5
BRH:0
end_of_record
TN:
SF:src/app/features/tickets/survey/satisfaction-survey/satisfaction-survey.component.ts
FN:57,(anonymous_0)
FN:58,(anonymous_1)
FN:63,(anonymous_2)
FN:66,(anonymous_3)
FN:81,(anonymous_4)
FN:82,(anonymous_5)
FN:86,(anonymous_6)
FN:87,(anonymous_7)
FN:91,(anonymous_8)
FN:92,(anonymous_9)
FN:100,(anonymous_10)
FN:101,(anonymous_11)
FN:113,(anonymous_12)
FNF:13
FNH:0
FNDA:0,(anonymous_0)
FNDA:0,(anonymous_1)
FNDA:0,(anonymous_2)
FNDA:0,(anonymous_3)
FNDA:0,(anonymous_4)
FNDA:0,(anonymous_5)
FNDA:0,(anonymous_6)
FNDA:0,(anonymous_7)
FNDA:0,(anonymous_8)
FNDA:0,(anonymous_9)
FNDA:0,(anonymous_10)
FNDA:0,(anonymous_11)
FNDA:0,(anonymous_12)
DA:41,1
DA:42,1
DA:43,1
DA:44,1
DA:46,1
DA:47,1
DA:49,1
DA:50,0
DA:52,0
DA:53,0
DA:55,0
DA:58,0
DA:59,0
DA:62,0
DA:64,0
DA:66,0
DA:67,0
DA:68,0
DA:69,0
DA:70,0
DA:71,0
DA:73,0
DA:74,0
DA:76,0
DA:82,0
DA:83,0
DA:87,0
DA:88,0
DA:92,0
DA:94,0
DA:96,0
DA:101,0
DA:103,0
DA:104,0
DA:107,0
DA:112,0
DA:114,0
DA:115,0
DA:116,0
LF:39
LH:7
BRDA:69,0,0,0
BRDA:69,0,1,0
BRDA:82,1,0,0
BRDA:82,1,1,0
BRDA:87,2,0,0
BRDA:87,2,1,0
BRDA:94,3,0,0
BRDA:101,4,0,0
BRDA:114,5,0,0
BRF:9
BRH:0
end_of_record
TN:
SF:src/app/features/tickets/survey/satisfaction-survey-info/satisfaction-survey-info.component.ts
FN:52,(anonymous_0)
FN:53,(anonymous_1)
FN:58,(anonymous_2)
FN:68,(anonymous_3)
FN:69,(anonymous_4)
FN:73,(anonymous_5)
FNF:6
FNH:0
FNDA:0,(anonymous_0)
FNDA:0,(anonymous_1)
FNDA:0,(anonymous_2)
FNDA:0,(anonymous_3)
FNDA:0,(anonymous_4)
FNDA:0,(anonymous_5)
DA:39,1
DA:40,1
DA:41,1
DA:42,1
DA:44,1
DA:46,1
DA:47,0
DA:49,0
DA:51,0
DA:53,0
DA:54,0
DA:57,0
DA:59,0
DA:60,0
DA:62,0
DA:63,0
DA:69,0
DA:70,0
DA:74,0
LF:19
LH:6
BRDA:59,0,0,0
BRDA:69,1,0,0
BRDA:69,1,1,0
BRF:3
BRH:0
end_of_record
TN:
SF:src/app/features/tickets/ticket-message/all-ticket-messages/all-ticket-messages.component.ts
FN:61,(anonymous_0)
FN:68,(anonymous_1)
FN:70,(anonymous_2)
FN:77,(anonymous_3)
FN:81,(anonymous_4)
FN:83,(anonymous_5)
FN:88,(anonymous_6)
FN:91,(anonymous_7)
FN:101,(anonymous_8)
FN:105,(anonymous_9)
FN:111,(anonymous_10)
FN:114,(anonymous_11)
FN:121,(anonymous_12)
FN:140,(anonymous_13)
FNF:14
FNH:3
FNDA:1,(anonymous_0)
FNDA:0,(anonymous_1)
FNDA:0,(anonymous_2)
FNDA:1,(anonymous_3)
FNDA:0,(anonymous_4)
FNDA:0,(anonymous_5)
FNDA:0,(anonymous_6)
FNDA:0,(anonymous_7)
FNDA:1,(anonymous_8)
FNDA:0,(anonymous_9)
FNDA:0,(anonymous_10)
FNDA:0,(anonymous_11)
FNDA:0,(anonymous_12)
FNDA:0,(anonymous_13)
DA:38,1
DA:41,1
DA:43,1
DA:44,1
DA:46,1
DA:49,1
DA:51,1
DA:52,1
DA:53,1
DA:55,1
DA:56,1
DA:59,1
DA:62,1
DA:63,0
DA:64,0
DA:69,0
DA:71,0
DA:72,0
DA:78,1
DA:82,0
DA:83,0
DA:84,0
DA:89,0
DA:90,0
DA:93,0
DA:94,0
DA:95,0
DA:96,0
DA:102,1
DA:106,0
DA:107,0
DA:112,0
DA:113,0
DA:115,0
DA:122,0
DA:124,0
DA:135,0
DA:136,0
DA:137,0
DA:139,0
DA:142,0
LF:41
LH:15
BRDA:62,0,0,0
BRDA:93,1,0,0
BRDA:96,2,0,0
BRDA:106,3,0,0
BRDA:112,4,0,0
BRDA:122,5,0,0
BRF:6
BRH:0
end_of_record
TN:
SF:src/app/features/tickets/ticket/all-tickets/all-tickets.component.ts
FN:70,(anonymous_0)
FN:74,(anonymous_1)
FN:76,(anonymous_2)
FN:85,(anonymous_3)
FN:89,(anonymous_4)
FN:93,(anonymous_5)
FN:97,(anonymous_6)
FN:98,(anonymous_7)
FN:110,(anonymous_8)
FN:111,(anonymous_9)
FN:124,(anonymous_10)
FN:130,(anonymous_11)
FN:135,(anonymous_12)
FN:138,(anonymous_13)
FN:148,(anonymous_14)
FN:154,(anonymous_15)
FN:160,(anonymous_16)
FN:164,(anonymous_17)
FN:168,(anonymous_18)
FN:172,(anonymous_19)
FN:174,(anonymous_20)
FN:180,(anonymous_21)
FN:183,(anonymous_22)
FN:189,(anonymous_23)
FN:193,(anonymous_24)
FN:197,(anonymous_25)
FN:203,(anonymous_26)
FN:207,(anonymous_27)
FN:213,(anonymous_28)
FN:217,(anonymous_29)
FN:223,(anonymous_30)
FN:227,(anonymous_31)
FN:233,(anonymous_32)
FN:235,(anonymous_33)
FN:239,(anonymous_34)
FN:241,(anonymous_35)
FN:245,(anonymous_36)
FN:247,(anonymous_37)
FN:251,(anonymous_38)
FN:253,(anonymous_39)
FN:257,(anonymous_40)
FN:259,(anonymous_41)
FN:263,(anonymous_42)
FNF:43
FNH:2
FNDA:1,(anonymous_0)
FNDA:1,(anonymous_1)
FNDA:0,(anonymous_2)
FNDA:0,(anonymous_3)
FNDA:0,(anonymous_4)
FNDA:0,(anonymous_5)
FNDA:0,(anonymous_6)
FNDA:0,(anonymous_7)
FNDA:0,(anonymous_8)
FNDA:0,(anonymous_9)
FNDA:0,(anonymous_10)
FNDA:0,(anonymous_11)
FNDA:0,(anonymous_12)
FNDA:0,(anonymous_13)
FNDA:0,(anonymous_14)
FNDA:0,(anonymous_15)
FNDA:0,(anonymous_16)
FNDA:0,(anonymous_17)
FNDA:0,(anonymous_18)
FNDA:0,(anonymous_19)
FNDA:0,(anonymous_20)
FNDA:0,(anonymous_21)
FNDA:0,(anonymous_22)
FNDA:0,(anonymous_23)
FNDA:0,(anonymous_24)
FNDA:0,(anonymous_25)
FNDA:0,(anonymous_26)
FNDA:0,(anonymous_27)
FNDA:0,(anonymous_28)
FNDA:0,(anonymous_29)
FNDA:0,(anonymous_30)
FNDA:0,(anonymous_31)
FNDA:0,(anonymous_32)
FNDA:0,(anonymous_33)
FNDA:0,(anonymous_34)
FNDA:0,(anonymous_35)
FNDA:0,(anonymous_36)
FNDA:0,(anonymous_37)
FNDA:0,(anonymous_38)
FNDA:0,(anonymous_39)
FNDA:0,(anonymous_40)
FNDA:0,(anonymous_41)
FNDA:0,(anonymous_42)
DA:46,1
DA:47,1
DA:48,1
DA:49,1
DA:50,1
DA:51,1
DA:52,1
DA:53,1
DA:55,1
DA:56,1
DA:57,1
DA:59,1
DA:60,1
DA:62,1
DA:63,1
DA:64,1
DA:66,1
DA:67,1
DA:68,1
DA:71,1
DA:75,1
DA:77,0
DA:78,0
DA:79,0
DA:80,0
DA:86,0
DA:90,0
DA:94,0
DA:98,0
DA:99,0
DA:100,0
DA:102,0
DA:103,0
DA:105,0
DA:107,0
DA:111,0
DA:112,0
DA:113,0
DA:115,0
DA:116,0
DA:118,0
DA:120,0
DA:125,0
DA:127,0
DA:130,0
DA:132,0
DA:133,0
DA:136,0
DA:138,0
DA:139,0
DA:144,0
DA:145,0
DA:149,0
DA:150,0
DA:151,0
DA:155,0
DA:156,0
DA:157,0
DA:161,0
DA:165,0
DA:169,0
DA:173,0
DA:175,0
DA:181,0
DA:182,0
DA:184,0
DA:190,0
DA:194,0
DA:196,0
DA:198,0
DA:204,0
DA:206,0
DA:208,0
DA:214,0
DA:216,0
DA:218,0
DA:224,0
DA:226,0
DA:228,0
DA:234,0
DA:235,0
DA:240,0
DA:241,0
DA:246,0
DA:247,0
DA:252,0
DA:253,0
DA:258,0
DA:259,0
DA:264,0
LF:90
LH:21
BRDA:99,0,0,0
BRDA:99,0,1,0
BRDA:100,1,0,0
BRDA:100,1,1,0
BRDA:102,2,0,0
BRDA:105,3,0,0
BRDA:105,3,1,0
BRDA:112,4,0,0
BRDA:112,4,1,0
BRDA:113,5,0,0
BRDA:113,5,1,0
BRDA:115,6,0,0
BRDA:118,7,0,0
BRDA:118,7,1,0
BRDA:125,8,0,0
BRDA:125,8,1,0
BRDA:139,9,0,0
BRDA:139,9,1,0
BRDA:139,9,2,0
BRDA:139,9,3,0
BRDA:175,10,0,0
BRDA:184,11,0,0
BRDA:198,12,0,0
BRDA:198,12,1,0
BRDA:208,13,0,0
BRDA:208,13,1,0
BRDA:218,14,0,0
BRDA:218,14,1,0
BRDA:228,15,0,0
BRDA:228,15,1,0
BRF:30
BRH:0
end_of_record
TN:
SF:src/app/features/tickets/ticket/manage-ticket/manage-ticket.component.ts
FN:85,(anonymous_0)
FN:86,(anonymous_1)
FN:90,(anonymous_2)
FN:93,(anonymous_3)
FN:138,(anonymous_4)
FN:142,(anonymous_5)
FN:151,(anonymous_6)
FN:179,(anonymous_7)
FN:183,(anonymous_8)
FNF:9
FNH:0
FNDA:0,(anonymous_0)
FNDA:0,(anonymous_1)
FNDA:0,(anonymous_2)
FNDA:0,(anonymous_3)
FNDA:0,(anonymous_4)
FNDA:0,(anonymous_5)
FNDA:0,(anonymous_6)
FNDA:0,(anonymous_7)
FNDA:0,(anonymous_8)
DA:53,1
DA:54,0
DA:55,0
DA:56,0
DA:57,0
DA:59,0
DA:60,0
DA:62,0
DA:63,0
DA:64,0
DA:65,0
DA:66,0
DA:67,0
DA:68,0
DA:70,0
DA:80,0
DA:81,0
DA:83,0
DA:84,0
DA:86,0
DA:87,0
DA:90,0
DA:91,0
DA:92,0
DA:93,0
DA:94,0
DA:98,0
DA:99,0
DA:101,0
DA:102,0
DA:105,0
DA:108,0
DA:109,0
DA:112,0
DA:115,0
DA:116,0
DA:119,0
DA:122,0
DA:123,0
DA:126,0
DA:127,0
DA:130,0
DA:131,0
DA:134,0
DA:139,0
DA:143,0
DA:144,0
DA:145,0
DA:146,0
DA:152,0
DA:154,0
DA:155,0
DA:156,0
DA:157,0
DA:176,0
DA:177,0
DA:178,0
DA:179,0
DA:182,0
DA:183,0
LF:60
LH:1
BRDA:98,0,0,0
BRDA:101,1,0,0
BRDA:101,1,1,0
BRDA:108,2,0,0
BRDA:108,2,1,0
BRDA:115,3,0,0
BRDA:115,3,1,0
BRDA:116,4,0,0
BRDA:116,4,1,0
BRDA:122,5,0,0
BRDA:130,6,0,0
BRDA:145,7,0,0
BRDA:145,7,1,0
BRDA:154,8,0,0
BRDA:154,8,1,0
BRDA:154,9,0,0
BRDA:154,9,1,0
BRDA:155,10,0,0
BRDA:155,10,1,0
BRDA:155,11,0,0
BRDA:155,11,1,0
BRDA:155,12,0,0
BRDA:155,12,1,0
BRDA:156,13,0,0
BRDA:156,13,1,0
BRDA:156,14,0,0
BRDA:156,14,1,0
BRDA:176,15,0,0
BRDA:176,15,1,0
BRDA:182,16,0,0
BRDA:182,16,1,0
BRF:31
BRH:0
end_of_record
TN:
SF:src/app/features/tickets/ticket/technician-history/technician-history.component.ts
FN:42,(anonymous_0)
FN:48,(anonymous_1)
FN:50,(anonymous_2)
FN:61,(anonymous_3)
FNF:4
FNH:0
FNDA:0,(anonymous_0)
FNDA:0,(anonymous_1)
FNDA:0,(anonymous_2)
FNDA:0,(anonymous_3)
DA:33,1
DA:34,1
DA:35,0
DA:37,0
DA:38,0
DA:40,0
DA:43,0
DA:44,0
DA:49,0
DA:51,0
DA:52,0
DA:53,0
DA:55,0
DA:56,0
DA:62,0
LF:15
LH:2
BRDA:43,0,0,0
BRDA:51,1,0,0
BRF:2
BRH:0
end_of_record
TN:
SF:src/app/features/tickets/ticket/ticket-info/ticket-info.component.ts
FN:30,(anonymous_0)
FNF:1
FNH:1
FNDA:1,(anonymous_0)
DA:26,1
DA:27,2
DA:28,2
DA:31,1
LF:4
LH:4
BRF:0
BRH:0
end_of_record
TN:
SF:src/app/features/users/all-users/all-users.component.ts
FN:66,(anonymous_0)
FN:73,(anonymous_1)
FN:76,(anonymous_2)
FN:85,(anonymous_3)
FN:88,(anonymous_4)
FN:97,(anonymous_5)
FN:103,(anonymous_6)
FN:109,(anonymous_7)
FN:113,(anonymous_8)
FN:117,(anonymous_9)
FN:123,(anonymous_10)
FN:127,(anonymous_11)
FN:129,(anonymous_12)
FN:133,(anonymous_13)
FN:137,(anonymous_14)
FN:139,(anonymous_15)
FNF:16
FNH:2
FNDA:1,(anonymous_0)
FNDA:1,(anonymous_1)
FNDA:0,(anonymous_2)
FNDA:0,(anonymous_3)
FNDA:0,(anonymous_4)
FNDA:0,(anonymous_5)
FNDA:0,(anonymous_6)
FNDA:0,(anonymous_7)
FNDA:0,(anonymous_8)
FNDA:0,(anonymous_9)
FNDA:0,(anonymous_10)
FNDA:0,(anonymous_11)
FNDA:0,(anonymous_12)
FNDA:0,(anonymous_13)
FNDA:0,(anonymous_14)
FNDA:0,(anonymous_15)
DA:39,1
DA:41,1
DA:42,1
DA:43,1
DA:44,1
DA:45,1
DA:46,1
DA:48,1
DA:49,1
DA:50,1
DA:52,1
DA:53,1
DA:55,1
DA:56,1
DA:58,1
DA:59,1
DA:60,1
DA:62,1
DA:63,1
DA:64,1
DA:67,1
DA:69,1
DA:70,1
DA:74,1
DA:75,1
DA:77,0
DA:78,0
DA:79,0
DA:80,0
DA:86,0
DA:88,0
DA:89,0
DA:93,0
DA:94,0
DA:98,0
DA:99,0
DA:100,0
DA:104,0
DA:105,0
DA:106,0
DA:110,0
DA:114,0
DA:116,0
DA:118,0
DA:124,0
DA:128,0
DA:129,0
DA:134,0
DA:138,0
DA:140,0
LF:50
LH:25
BRDA:74,0,0,0
BRDA:74,0,1,1
BRDA:89,1,0,0
BRDA:89,1,1,0
BRDA:89,1,2,0
BRDA:118,2,0,0
BRDA:118,2,1,0
BRDA:140,3,0,0
BRF:8
BRH:1
end_of_record
TN:
SF:src/app/features/users/manage-user/manage-user.component.ts
FN:87,(anonymous_0)
FN:88,(anonymous_1)
FN:107,(anonymous_2)
FN:114,(anonymous_3)
FN:120,(anonymous_4)
FN:125,(anonymous_5)
FN:147,(anonymous_6)
FN:151,(anonymous_7)
FNF:8
FNH:1
FNDA:2,(anonymous_0)
FNDA:0,(anonymous_1)
FNDA:0,(anonymous_2)
FNDA:0,(anonymous_3)
FNDA:0,(anonymous_4)
FNDA:0,(anonymous_5)
FNDA:0,(anonymous_6)
FNDA:0,(anonymous_7)
DA:51,1
DA:52,2
DA:53,2
DA:54,2
DA:56,2
DA:57,2
DA:59,2
DA:60,2
DA:62,2
DA:64,2
DA:65,2
DA:66,2
DA:67,2
DA:68,2
DA:69,2
DA:70,2
DA:72,2
DA:82,2
DA:83,2
DA:85,2
DA:88,2
DA:89,0
DA:92,2
DA:93,2
DA:94,2
DA:95,2
DA:96,2
DA:98,2
DA:99,2
DA:102,2
DA:106,2
DA:108,0
DA:109,0
DA:113,2
DA:115,0
DA:116,0
DA:120,2
DA:121,0
DA:126,0
DA:128,0
DA:129,0
DA:130,0
DA:131,0
DA:133,0
DA:143,0
DA:144,0
DA:146,0
DA:147,0
DA:150,0
DA:151,0
LF:50
LH:32
BRDA:92,0,0,2
BRDA:98,1,0,2
BRDA:99,2,0,0
BRDA:99,2,1,2
BRDA:128,3,0,0
BRDA:143,4,0,0
BRDA:143,4,1,0
BRF:7
BRH:3
end_of_record
TN:
SF:src/app/features/users/user-info/user-info.component.ts
FN:32,(anonymous_0)
FN:35,(anonymous_1)
FNF:2
FNH:2
FNDA:3,(anonymous_0)
FNDA:1,(anonymous_1)
DA:26,1
DA:27,3
DA:28,3
DA:30,3
DA:33,3
DA:36,1
LF:6
LH:6
BRDA:33,0,0,0
BRDA:33,0,1,3
BRF:2
BRH:1
end_of_record
TN:
SF:src/app/features/users/user-roles/all-user-roles/all-user-roles.component.ts
FN:58,(anonymous_0)
FN:62,(anonymous_1)
FN:64,(anonymous_2)
FN:73,(anonymous_3)
FN:76,(anonymous_4)
FN:83,(anonymous_5)
FN:89,(anonymous_6)
FN:95,(anonymous_7)
FN:97,(anonymous_8)
FN:103,(anonymous_9)
FNF:10
FNH:2
FNDA:1,(anonymous_0)
FNDA:1,(anonymous_1)
FNDA:0,(anonymous_2)
FNDA:0,(anonymous_3)
FNDA:0,(anonymous_4)
FNDA:0,(anonymous_5)
FNDA:0,(anonymous_6)
FNDA:0,(anonymous_7)
FNDA:0,(anonymous_8)
FNDA:0,(anonymous_9)
DA:36,1
DA:37,1
DA:38,1
DA:39,1
DA:40,1
DA:41,1
DA:42,1
DA:44,1
DA:45,1
DA:47,1
DA:48,1
DA:50,1
DA:51,1
DA:52,1
DA:54,1
DA:55,1
DA:56,1
DA:59,1
DA:63,1
DA:65,0
DA:66,0
DA:67,0
DA:68,0
DA:74,0
DA:76,0
DA:77,0
DA:79,0
DA:80,0
DA:84,0
DA:85,0
DA:86,0
DA:90,0
DA:91,0
DA:92,0
DA:96,0
DA:98,0
DA:104,0
LF:37
LH:19
BRDA:98,0,0,0
BRF:1
BRH:0
end_of_record
TN:
SF:src/app/features/users/user-roles/manage-user-role/manage-user-role.component.ts
FN:52,(anonymous_0)
FN:53,(anonymous_1)
FN:61,(anonymous_2)
FN:69,(anonymous_3)
FN:74,(anonymous_4)
FN:76,(anonymous_5)
FN:83,(anonymous_6)
FN:86,(anonymous_7)
FN:93,(anonymous_8)
FN:106,(anonymous_9)
FNF:10
FNH:0
FNDA:0,(anonymous_0)
FNDA:0,(anonymous_1)
FNDA:0,(anonymous_2)
FNDA:0,(anonymous_3)
FNDA:0,(anonymous_4)
FNDA:0,(anonymous_5)
FNDA:0,(anonymous_6)
FNDA:0,(anonymous_7)
FNDA:0,(anonymous_8)
FNDA:0,(anonymous_9)
DA:34,1
DA:35,1
DA:36,0
DA:37,0
DA:38,0
DA:40,0
DA:42,0
DA:43,0
DA:45,0
DA:50,0
DA:53,0
DA:54,0
DA:57,0
DA:59,0
DA:60,0
DA:62,0
DA:65,0
DA:66,0
DA:69,0
DA:70,0
DA:75,0
DA:77,0
DA:78,0
DA:84,0
DA:86,0
DA:87,0
DA:88,0
DA:90,0
DA:94,0
DA:95,0
DA:96,0
DA:102,0
DA:103,0
DA:105,0
DA:106,0
LF:35
LH:2
BRDA:59,0,0,0
BRDA:84,1,0,0
BRDA:87,2,0,0
BRDA:87,2,1,0
BRDA:102,3,0,0
BRF:5
BRH:0
end_of_record
TN:
SF:src/app/features/users/user-roles/user-role-info/user-role-info.component.ts
FN:28,(anonymous_0)
FN:30,(anonymous_1)
FN:37,(anonymous_2)
FNF:3
FNH:0
FNDA:0,(anonymous_0)
FNDA:0,(anonymous_1)
FNDA:0,(anonymous_2)
DA:21,1
DA:22,1
DA:23,1
DA:24,1
DA:25,1
DA:27,0
DA:29,0
DA:31,0
DA:32,0
DA:38,0
LF:10
LH:5
BRF:0
BRH:0
end_of_record
TN:
SF:src/app/shared/components/action-confirmation/action-confirmation.component.ts
FN:27,(anonymous_0)
FN:31,(anonymous_1)
FN:35,(anonymous_2)
FNF:3
FNH:2
FNDA:1,(anonymous_0)
FNDA:0,(anonymous_1)
FNDA:1,(anonymous_2)
DA:23,1
DA:24,4
DA:25,4
DA:28,1
DA:32,0
DA:36,1
LF:6
LH:5
BRF:0
BRH:0
end_of_record
TN:
SF:src/app/shared/components/custom-toast/custom-toast.component.ts
FNF:0
FNH:0
DA:34,1
DA:35,3
LF:2
LH:2
BRF:0
BRH:0
end_of_record
TN:
SF:src/app/shared/components/dialog-spinner/dialog-spinner.component.ts
FN:25,(anonymous_0)
FN:26,(anonymous_1)
FNF:2
FNH:2
FNDA:17,(anonymous_0)
FNDA:17,(anonymous_1)
DA:12,1
DA:13,26
DA:14,26
DA:16,26
DA:26,17
DA:27,17
DA:28,17
LF:7
LH:7
BRF:0
BRH:0
end_of_record
TN:
SF:src/app/shared/components/footer/footer.component.ts
FN:14,(anonymous_0)
FNF:1
FNH:1
FNDA:2,(anonymous_0)
DA:13,1
DA:15,2
LF:2
LH:2
BRF:0
BRH:0
end_of_record
TN:
SF:src/app/shared/components/form-validation/field-error-decimal-numbers/field-error-decimal-numbers.component.ts
FNF:0
FNH:0
DA:15,1
LF:1
LH:1
BRF:0
BRH:0
end_of_record
TN:
SF:src/app/shared/components/form-validation/field-error-email/field-error-email.component.ts
FNF:0
FNH:0
DA:15,1
LF:1
LH:1
BRF:0
BRH:0
end_of_record
TN:
SF:src/app/shared/components/form-validation/field-error-integer-numbers/field-error-integer-numbers.component.ts
FNF:0
FNH:0
DA:15,1
LF:1
LH:1
BRF:0
BRH:0
end_of_record
TN:
SF:src/app/shared/components/form-validation/field-error-not-match/field-error-not-match.component.ts
FNF:0
FNH:0
DA:15,1
LF:1
LH:1
BRF:0
BRH:0
end_of_record
TN:
SF:src/app/shared/components/form-validation/field-error-number/field-error-number.component.ts
FNF:0
FNH:0
DA:15,1
LF:1
LH:1
BRF:0
BRH:0
end_of_record
TN:
SF:src/app/shared/components/form-validation/field-error-required/field-error-required.component.ts
FNF:0
FNH:0
DA:15,1
LF:1
LH:1
BRF:0
BRH:0
end_of_record
TN:
SF:src/app/shared/components/form-validation/field-error-required-select/field-error-required-select.component.ts
FNF:0
FNH:0
DA:15,1
LF:1
LH:1
BRF:0
BRH:0
end_of_record
TN:
SF:src/app/shared/components/form-validation/field-error-ruc/field-error-ruc.component.ts
FNF:0
FNH:0
DA:15,1
LF:1
LH:1
BRF:0
BRH:0
end_of_record
TN:
SF:src/app/shared/components/form-validation/field-error-text/field-error-text.component.ts
FNF:0
FNH:0
DA:15,1
LF:1
LH:1
BRF:0
BRH:0
end_of_record
TN:
SF:src/app/shared/components/global-spinner/global-spinner.component.ts
FN:25,(anonymous_0)
FN:26,(anonymous_1)
FNF:2
FNH:2
FNDA:5,(anonymous_0)
FNDA:5,(anonymous_1)
DA:12,1
DA:13,5
DA:14,5
DA:16,5
DA:26,5
DA:27,5
DA:28,5
LF:7
LH:7
BRF:0
BRH:0
end_of_record
TN:
SF:src/app/shared/components/header/header.component.ts
FN:48,(anonymous_0)
FN:49,(anonymous_1)
FN:54,(anonymous_2)
FN:59,(anonymous_3)
FN:63,(anonymous_4)
FN:67,(anonymous_5)
FN:71,(anonymous_6)
FN:77,(anonymous_7)
FNF:8
FNH:7
FNDA:8,(anonymous_0)
FNDA:6,(anonymous_1)
FNDA:6,(anonymous_2)
FNDA:6,(anonymous_3)
FNDA:1,(anonymous_4)
FNDA:1,(anonymous_5)
FNDA:1,(anonymous_6)
FNDA:0,(anonymous_7)
DA:31,1
DA:32,8
DA:33,8
DA:34,8
DA:35,8
DA:36,8
DA:37,8
DA:39,8
DA:40,8
DA:41,8
DA:42,8
DA:43,8
DA:44,8
DA:46,8
DA:49,8
DA:50,6
DA:55,6
DA:56,6
DA:60,6
DA:64,1
DA:68,1
DA:72,1
DA:73,1
DA:74,1
DA:78,0
DA:79,0
DA:80,0
LF:27
LH:24
BRDA:79,0,0,0
BRF:1
BRH:0
end_of_record
TN:
SF:src/app/shared/directives/open-login.directive.ts
FN:12,(anonymous_0)
FNF:1
FNH:1
FNDA:1,(anonymous_0)
DA:8,1
DA:9,1
DA:13,1
DA:14,1
LF:4
LH:4
BRF:0
BRH:0
end_of_record
TN:
SF:src/app/shared/directives/scroll-to-top-instant.directive.ts
FN:9,(anonymous_0)
FNF:1
FNH:1
FNDA:1,(anonymous_0)
DA:7,1
DA:10,1
DA:11,1
LF:3
LH:3
BRF:0
BRH:0
end_of_record
TN:
SF:src/app/shared/services/message.service.ts
FN:10,(anonymous_0)
FN:12,(anonymous_1)
FN:16,(anonymous_2)
FN:20,(anonymous_3)
FN:24,(anonymous_4)
FN:28,(anonymous_5)
FN:32,(anonymous_6)
FN:36,(anonymous_7)
FN:37,(anonymous_8)
FNF:9
FNH:9
FNDA:66,(anonymous_0)
FNDA:3,(anonymous_1)
FNDA:2,(anonymous_2)
FNDA:1,(anonymous_3)
FNDA:3,(anonymous_4)
FNDA:1,(anonymous_5)
FNDA:9,(anonymous_6)
FNDA:1,(anonymous_7)
FNDA:1,(anonymous_8)
DA:7,1
DA:8,66
DA:13,3
DA:17,2
DA:21,1
DA:25,3
DA:29,1
DA:33,9
DA:34,9
DA:36,9
DA:37,1
DA:38,1
LF:12
LH:12
BRDA:12,0,0,0
BRDA:16,1,0,0
BRDA:20,2,0,0
BRDA:24,3,0,2
BRF:4
BRH:1
end_of_record
TN:
SF:src/app/shared/services/spinner.service.ts
FN:30,(anonymous_0)
FN:34,(anonymous_1)
FN:38,(anonymous_2)
FN:42,(anonymous_3)
FNF:4
FNH:4
FNDA:81,(anonymous_0)
FNDA:57,(anonymous_1)
FNDA:35,(anonymous_2)
FNDA:41,(anonymous_3)
DA:8,1
DA:9,193
DA:18,193
DA:27,193
DA:28,193
DA:31,81
DA:35,57
DA:39,35
DA:43,41
LF:9
LH:9
BRDA:34,0,0,57
BRDA:42,1,0,41
BRF:2
BRH:2
end_of_record
TN:
SF:src/app/shared/validators/custom-validators.ts
FN:3,notZeroValidator
FN:7,decimalWithDotValidator
FN:13,materialDateInvalidValidator
FN:14,(anonymous_3)
FNF:4
FNH:4
FNDA:32,notZeroValidator
FNDA:16,decimalWithDotValidator
FNDA:4,materialDateInvalidValidator
FNDA:4,(anonymous_3)
DA:4,32
DA:8,16
DA:9,16
DA:10,16
DA:14,4
DA:15,4
LF:6
LH:6
BRDA:4,0,0,10
BRDA:4,0,1,22
BRDA:10,1,0,16
BRDA:10,1,1,0
BRDA:15,2,0,0
BRDA:15,2,1,4
BRF:6
BRH:4
end_of_record
TN:
SF:src/environments/environment.ts
FNF:0
FNH:0
DA:1,1
LF:1
LH:1
BRF:0
BRH:0
end_of_record
